2023-07-30 22:35:57 INFO     Starting training with lr=0.001, n_epoch=30
2023-07-30 22:35:58 INFO     Epoch 1/30 | Processed 320/13171 sequences (2.43%) | Training Loss: 4.128402 | Elapsed Time: 0.75s
2023-07-30 22:35:58 INFO     Epoch 1/30 | Processed 640/13171 sequences (4.86%) | Training Loss: 3.843169 | Elapsed Time: 1.42s
2023-07-30 22:35:59 INFO     Epoch 1/30 | Processed 960/13171 sequences (7.29%) | Training Loss: 3.731216 | Elapsed Time: 2.09s
2023-07-30 22:36:00 INFO     Epoch 1/30 | Processed 1280/13171 sequences (9.72%) | Training Loss: 3.623180 | Elapsed Time: 2.75s
2023-07-30 22:36:00 INFO     Epoch 1/30 | Processed 1600/13171 sequences (12.15%) | Training Loss: 3.551017 | Elapsed Time: 3.42s
2023-07-30 22:36:01 INFO     Epoch 1/30 | Processed 1920/13171 sequences (14.58%) | Training Loss: 3.454720 | Elapsed Time: 4.09s
2023-07-30 22:36:02 INFO     Epoch 1/30 | Processed 2240/13171 sequences (17.01%) | Training Loss: 3.348446 | Elapsed Time: 4.76s
2023-07-30 22:36:02 INFO     Epoch 1/30 | Processed 2560/13171 sequences (19.44%) | Training Loss: 3.239665 | Elapsed Time: 5.42s
2023-07-30 22:36:03 INFO     Epoch 1/30 | Processed 2880/13171 sequences (21.87%) | Training Loss: 3.110590 | Elapsed Time: 6.10s
2023-07-30 22:36:04 INFO     Epoch 1/30 | Processed 3200/13171 sequences (24.30%) | Training Loss: 3.002063 | Elapsed Time: 6.76s
2023-07-30 22:36:04 INFO     Epoch 1/30 | Processed 3520/13171 sequences (26.73%) | Training Loss: 2.888469 | Elapsed Time: 7.42s
2023-07-30 22:36:05 INFO     Epoch 1/30 | Processed 3840/13171 sequences (29.15%) | Training Loss: 2.776013 | Elapsed Time: 8.09s
2023-07-30 22:36:06 INFO     Epoch 1/30 | Processed 4160/13171 sequences (31.58%) | Training Loss: 2.674404 | Elapsed Time: 8.75s
2023-07-30 22:36:06 INFO     Epoch 1/30 | Processed 4480/13171 sequences (34.01%) | Training Loss: 2.574828 | Elapsed Time: 9.42s
2023-07-30 22:36:07 INFO     Epoch 1/30 | Processed 4800/13171 sequences (36.44%) | Training Loss: 2.476172 | Elapsed Time: 10.09s
2023-07-30 22:36:08 INFO     Epoch 1/30 | Processed 5120/13171 sequences (38.87%) | Training Loss: 2.376163 | Elapsed Time: 10.76s
2023-07-30 22:36:08 INFO     Epoch 1/30 | Processed 5440/13171 sequences (41.30%) | Training Loss: 2.296541 | Elapsed Time: 11.43s
2023-07-30 22:36:09 INFO     Epoch 1/30 | Processed 5760/13171 sequences (43.73%) | Training Loss: 2.224834 | Elapsed Time: 12.10s
2023-07-30 22:36:10 INFO     Epoch 1/30 | Processed 6080/13171 sequences (46.16%) | Training Loss: 2.158763 | Elapsed Time: 12.78s
2023-07-30 22:36:10 INFO     Epoch 1/30 | Processed 6400/13171 sequences (48.59%) | Training Loss: 2.085988 | Elapsed Time: 13.45s
2023-07-30 22:36:11 INFO     Epoch 1/30 | Processed 6720/13171 sequences (51.02%) | Training Loss: 2.029793 | Elapsed Time: 14.12s
2023-07-30 22:36:12 INFO     Epoch 1/30 | Processed 7040/13171 sequences (53.45%) | Training Loss: 1.969151 | Elapsed Time: 14.79s
2023-07-30 22:36:12 INFO     Epoch 1/30 | Processed 7360/13171 sequences (55.88%) | Training Loss: 1.917962 | Elapsed Time: 15.45s
2023-07-30 22:36:13 INFO     Epoch 1/30 | Processed 7680/13171 sequences (58.31%) | Training Loss: 1.866380 | Elapsed Time: 16.12s
2023-07-30 22:36:14 INFO     Epoch 1/30 | Processed 8000/13171 sequences (60.74%) | Training Loss: 1.817935 | Elapsed Time: 16.79s
2023-07-30 22:36:14 INFO     Epoch 1/30 | Processed 8320/13171 sequences (63.17%) | Training Loss: 1.771534 | Elapsed Time: 17.45s
2023-07-30 22:36:15 INFO     Epoch 1/30 | Processed 8640/13171 sequences (65.60%) | Training Loss: 1.725788 | Elapsed Time: 18.13s
2023-07-30 22:36:16 INFO     Epoch 1/30 | Processed 8960/13171 sequences (68.03%) | Training Loss: 1.687349 | Elapsed Time: 18.80s
2023-07-30 22:36:16 INFO     Epoch 1/30 | Processed 9280/13171 sequences (70.46%) | Training Loss: 1.645107 | Elapsed Time: 19.47s
2023-07-30 22:36:17 INFO     Epoch 1/30 | Processed 9600/13171 sequences (72.89%) | Training Loss: 1.606729 | Elapsed Time: 20.13s
2023-07-30 22:36:18 INFO     Epoch 1/30 | Processed 9920/13171 sequences (75.32%) | Training Loss: 1.567855 | Elapsed Time: 20.79s
2023-07-30 22:36:18 INFO     Epoch 1/30 | Processed 10240/13171 sequences (77.75%) | Training Loss: 1.532681 | Elapsed Time: 21.46s
2023-07-30 22:36:19 INFO     Epoch 1/30 | Processed 10560/13171 sequences (80.18%) | Training Loss: 1.495525 | Elapsed Time: 22.13s
2023-07-30 22:36:20 INFO     Epoch 1/30 | Processed 10880/13171 sequences (82.61%) | Training Loss: 1.462181 | Elapsed Time: 22.80s
2023-07-30 22:36:20 INFO     Epoch 1/30 | Processed 11200/13171 sequences (85.04%) | Training Loss: 1.431946 | Elapsed Time: 23.47s
2023-07-30 22:36:21 INFO     Epoch 1/30 | Processed 11520/13171 sequences (87.46%) | Training Loss: 1.401243 | Elapsed Time: 24.14s
2023-07-30 22:36:22 INFO     Epoch 1/30 | Processed 11840/13171 sequences (89.89%) | Training Loss: 1.372649 | Elapsed Time: 24.81s
2023-07-30 22:36:22 INFO     Epoch 1/30 | Processed 12160/13171 sequences (92.32%) | Training Loss: 1.344993 | Elapsed Time: 25.49s
2023-07-30 22:36:23 INFO     Epoch 1/30 | Processed 12480/13171 sequences (94.75%) | Training Loss: 1.316752 | Elapsed Time: 26.16s
2023-07-30 22:36:24 INFO     Epoch 1/30 | Processed 12800/13171 sequences (97.18%) | Training Loss: 1.291879 | Elapsed Time: 26.83s
2023-07-30 22:36:24 INFO     Epoch 1/30 | Processed 13120/13171 sequences (99.61%) | Training Loss: 1.267374 | Elapsed Time: 27.50s
2023-07-30 22:36:29 INFO     Accuracy: 1.0000
2023-07-30 22:36:29 INFO     Epoch: 1 	Training Loss: 1.263733 	valid Loss: 0.262320 	Epoch Time: 32.26s 	Total Time: 32.26s
2023-07-30 22:36:30 INFO     Epoch 2/30 | Processed 320/13171 sequences (2.43%) | Training Loss: 0.216954 | Elapsed Time: 0.67s
2023-07-30 22:36:30 INFO     Epoch 2/30 | Processed 640/13171 sequences (4.86%) | Training Loss: 0.220914 | Elapsed Time: 1.34s
2023-07-30 22:36:31 INFO     Epoch 2/30 | Processed 960/13171 sequences (7.29%) | Training Loss: 0.224055 | Elapsed Time: 2.02s
2023-07-30 22:36:32 INFO     Epoch 2/30 | Processed 1280/13171 sequences (9.72%) | Training Loss: 0.233404 | Elapsed Time: 2.69s
2023-07-30 22:36:32 INFO     Epoch 2/30 | Processed 1600/13171 sequences (12.15%) | Training Loss: 0.252517 | Elapsed Time: 3.36s
2023-07-30 22:36:33 INFO     Epoch 2/30 | Processed 1920/13171 sequences (14.58%) | Training Loss: 0.256609 | Elapsed Time: 4.04s
2023-07-30 22:36:34 INFO     Epoch 2/30 | Processed 2240/13171 sequences (17.01%) | Training Loss: 0.240956 | Elapsed Time: 4.71s
2023-07-30 22:36:34 INFO     Epoch 2/30 | Processed 2560/13171 sequences (19.44%) | Training Loss: 0.232944 | Elapsed Time: 5.39s
2023-07-30 22:36:35 INFO     Epoch 2/30 | Processed 2880/13171 sequences (21.87%) | Training Loss: 0.228323 | Elapsed Time: 6.07s
2023-07-30 22:36:36 INFO     Epoch 2/30 | Processed 3200/13171 sequences (24.30%) | Training Loss: 0.215702 | Elapsed Time: 6.74s
2023-07-30 22:36:36 INFO     Epoch 2/30 | Processed 3520/13171 sequences (26.73%) | Training Loss: 0.212622 | Elapsed Time: 7.42s
2023-07-30 22:36:37 INFO     Epoch 2/30 | Processed 3840/13171 sequences (29.15%) | Training Loss: 0.206497 | Elapsed Time: 8.09s
2023-07-30 22:36:38 INFO     Epoch 2/30 | Processed 4160/13171 sequences (31.58%) | Training Loss: 0.200663 | Elapsed Time: 8.77s
2023-07-30 22:36:38 INFO     Epoch 2/30 | Processed 4480/13171 sequences (34.01%) | Training Loss: 0.195580 | Elapsed Time: 9.44s
2023-07-30 22:36:39 INFO     Epoch 2/30 | Processed 4800/13171 sequences (36.44%) | Training Loss: 0.191738 | Elapsed Time: 10.11s
2023-07-30 22:36:40 INFO     Epoch 2/30 | Processed 5120/13171 sequences (38.87%) | Training Loss: 0.193494 | Elapsed Time: 10.79s
2023-07-30 22:36:40 INFO     Epoch 2/30 | Processed 5440/13171 sequences (41.30%) | Training Loss: 0.190265 | Elapsed Time: 11.47s
2023-07-30 22:36:41 INFO     Epoch 2/30 | Processed 5760/13171 sequences (43.73%) | Training Loss: 0.184371 | Elapsed Time: 12.14s
2023-07-30 22:36:42 INFO     Epoch 2/30 | Processed 6080/13171 sequences (46.16%) | Training Loss: 0.183390 | Elapsed Time: 12.82s
2023-07-30 22:36:43 INFO     Epoch 2/30 | Processed 6400/13171 sequences (48.59%) | Training Loss: 0.182463 | Elapsed Time: 13.49s
2023-07-30 22:36:43 INFO     Epoch 2/30 | Processed 6720/13171 sequences (51.02%) | Training Loss: 0.182260 | Elapsed Time: 14.16s
2023-07-30 22:36:44 INFO     Epoch 2/30 | Processed 7040/13171 sequences (53.45%) | Training Loss: 0.183571 | Elapsed Time: 14.84s
2023-07-30 22:36:45 INFO     Epoch 2/30 | Processed 7360/13171 sequences (55.88%) | Training Loss: 0.180257 | Elapsed Time: 15.51s
2023-07-30 22:36:45 INFO     Epoch 2/30 | Processed 7680/13171 sequences (58.31%) | Training Loss: 0.178190 | Elapsed Time: 16.19s
2023-07-30 22:36:46 INFO     Epoch 2/30 | Processed 8000/13171 sequences (60.74%) | Training Loss: 0.174291 | Elapsed Time: 16.86s
2023-07-30 22:36:47 INFO     Epoch 2/30 | Processed 8320/13171 sequences (63.17%) | Training Loss: 0.175009 | Elapsed Time: 17.53s
2023-07-30 22:36:47 INFO     Epoch 2/30 | Processed 8640/13171 sequences (65.60%) | Training Loss: 0.177165 | Elapsed Time: 18.21s
2023-07-30 22:36:48 INFO     Epoch 2/30 | Processed 8960/13171 sequences (68.03%) | Training Loss: 0.175633 | Elapsed Time: 18.88s
2023-07-30 22:36:49 INFO     Epoch 2/30 | Processed 9280/13171 sequences (70.46%) | Training Loss: 0.174664 | Elapsed Time: 19.55s
2023-07-30 22:36:49 INFO     Epoch 2/30 | Processed 9600/13171 sequences (72.89%) | Training Loss: 0.173893 | Elapsed Time: 20.23s
2023-07-30 22:36:50 INFO     Epoch 2/30 | Processed 9920/13171 sequences (75.32%) | Training Loss: 0.171739 | Elapsed Time: 20.90s
2023-07-30 22:36:51 INFO     Epoch 2/30 | Processed 10240/13171 sequences (77.75%) | Training Loss: 0.168858 | Elapsed Time: 21.57s
2023-07-30 22:36:51 INFO     Epoch 2/30 | Processed 10560/13171 sequences (80.18%) | Training Loss: 0.166518 | Elapsed Time: 22.24s
2023-07-30 22:36:52 INFO     Epoch 2/30 | Processed 10880/13171 sequences (82.61%) | Training Loss: 0.165364 | Elapsed Time: 22.91s
2023-07-30 22:36:53 INFO     Epoch 2/30 | Processed 11200/13171 sequences (85.04%) | Training Loss: 0.162331 | Elapsed Time: 23.57s
2023-07-30 22:36:53 INFO     Epoch 2/30 | Processed 11520/13171 sequences (87.46%) | Training Loss: 0.159851 | Elapsed Time: 24.25s
2023-07-30 22:36:54 INFO     Epoch 2/30 | Processed 11840/13171 sequences (89.89%) | Training Loss: 0.157110 | Elapsed Time: 24.92s
2023-07-30 22:36:55 INFO     Epoch 2/30 | Processed 12160/13171 sequences (92.32%) | Training Loss: 0.154412 | Elapsed Time: 25.59s
2023-07-30 22:36:55 INFO     Epoch 2/30 | Processed 12480/13171 sequences (94.75%) | Training Loss: 0.153000 | Elapsed Time: 26.27s
2023-07-30 22:36:56 INFO     Epoch 2/30 | Processed 12800/13171 sequences (97.18%) | Training Loss: 0.152485 | Elapsed Time: 26.95s
2023-07-30 22:36:57 INFO     Epoch 2/30 | Processed 13120/13171 sequences (99.61%) | Training Loss: 0.154272 | Elapsed Time: 27.63s
2023-07-30 22:37:01 INFO     Accuracy: 1.0000
2023-07-30 22:37:01 INFO     Epoch: 2 	Training Loss: 0.154010 	valid Loss: 0.137338 	Epoch Time: 32.40s 	Total Time: 64.65s
2023-07-30 22:37:02 INFO     Epoch 3/30 | Processed 320/13171 sequences (2.43%) | Training Loss: 0.097472 | Elapsed Time: 0.67s
2023-07-30 22:37:03 INFO     Epoch 3/30 | Processed 640/13171 sequences (4.86%) | Training Loss: 0.071410 | Elapsed Time: 1.34s
2023-07-30 22:37:03 INFO     Epoch 3/30 | Processed 960/13171 sequences (7.29%) | Training Loss: 0.071795 | Elapsed Time: 2.01s
2023-07-30 22:37:04 INFO     Epoch 3/30 | Processed 1280/13171 sequences (9.72%) | Training Loss: 0.080925 | Elapsed Time: 2.69s
2023-07-30 22:37:05 INFO     Epoch 3/30 | Processed 1600/13171 sequences (12.15%) | Training Loss: 0.082852 | Elapsed Time: 3.36s
2023-07-30 22:37:05 INFO     Epoch 3/30 | Processed 1920/13171 sequences (14.58%) | Training Loss: 0.073732 | Elapsed Time: 4.03s
2023-07-30 22:37:06 INFO     Epoch 3/30 | Processed 2240/13171 sequences (17.01%) | Training Loss: 0.085439 | Elapsed Time: 4.70s
2023-07-30 22:37:07 INFO     Epoch 3/30 | Processed 2560/13171 sequences (19.44%) | Training Loss: 0.087330 | Elapsed Time: 5.37s
2023-07-30 22:37:07 INFO     Epoch 3/30 | Processed 2880/13171 sequences (21.87%) | Training Loss: 0.083788 | Elapsed Time: 6.04s
2023-07-30 22:37:08 INFO     Epoch 3/30 | Processed 3200/13171 sequences (24.30%) | Training Loss: 0.086739 | Elapsed Time: 6.71s
2023-07-30 22:37:09 INFO     Epoch 3/30 | Processed 3520/13171 sequences (26.73%) | Training Loss: 0.083162 | Elapsed Time: 7.38s
2023-07-30 22:37:09 INFO     Epoch 3/30 | Processed 3840/13171 sequences (29.15%) | Training Loss: 0.080202 | Elapsed Time: 8.07s
2023-07-30 22:37:10 INFO     Epoch 3/30 | Processed 4160/13171 sequences (31.58%) | Training Loss: 0.082094 | Elapsed Time: 8.73s
2023-07-30 22:37:11 INFO     Epoch 3/30 | Processed 4480/13171 sequences (34.01%) | Training Loss: 0.085016 | Elapsed Time: 9.40s
2023-07-30 22:37:11 INFO     Epoch 3/30 | Processed 4800/13171 sequences (36.44%) | Training Loss: 0.085006 | Elapsed Time: 10.07s
2023-07-30 22:37:12 INFO     Epoch 3/30 | Processed 5120/13171 sequences (38.87%) | Training Loss: 0.083810 | Elapsed Time: 10.74s
2023-07-30 22:37:13 INFO     Epoch 3/30 | Processed 5440/13171 sequences (41.30%) | Training Loss: 0.083566 | Elapsed Time: 11.42s
2023-07-30 22:37:14 INFO     Epoch 3/30 | Processed 5760/13171 sequences (43.73%) | Training Loss: 0.082858 | Elapsed Time: 12.09s
2023-07-30 22:37:14 INFO     Epoch 3/30 | Processed 6080/13171 sequences (46.16%) | Training Loss: 0.082949 | Elapsed Time: 12.76s
2023-07-30 22:37:15 INFO     Epoch 3/30 | Processed 6400/13171 sequences (48.59%) | Training Loss: 0.081779 | Elapsed Time: 13.43s
2023-07-30 22:37:16 INFO     Epoch 3/30 | Processed 6720/13171 sequences (51.02%) | Training Loss: 0.081413 | Elapsed Time: 14.11s
2023-07-30 22:37:16 INFO     Epoch 3/30 | Processed 7040/13171 sequences (53.45%) | Training Loss: 0.082661 | Elapsed Time: 14.78s
2023-07-30 22:37:17 INFO     Epoch 3/30 | Processed 7360/13171 sequences (55.88%) | Training Loss: 0.084374 | Elapsed Time: 15.45s
2023-07-30 22:37:18 INFO     Epoch 3/30 | Processed 7680/13171 sequences (58.31%) | Training Loss: 0.085247 | Elapsed Time: 16.12s
2023-07-30 22:37:18 INFO     Epoch 3/30 | Processed 8000/13171 sequences (60.74%) | Training Loss: 0.084754 | Elapsed Time: 16.79s
2023-07-30 22:37:19 INFO     Epoch 3/30 | Processed 8320/13171 sequences (63.17%) | Training Loss: 0.084516 | Elapsed Time: 17.47s
2023-07-30 22:37:20 INFO     Epoch 3/30 | Processed 8640/13171 sequences (65.60%) | Training Loss: 0.084194 | Elapsed Time: 18.14s
2023-07-30 22:37:20 INFO     Epoch 3/30 | Processed 8960/13171 sequences (68.03%) | Training Loss: 0.082719 | Elapsed Time: 18.81s
2023-07-30 22:37:21 INFO     Epoch 3/30 | Processed 9280/13171 sequences (70.46%) | Training Loss: 0.082003 | Elapsed Time: 19.49s
2023-07-30 22:37:22 INFO     Epoch 3/30 | Processed 9600/13171 sequences (72.89%) | Training Loss: 0.082487 | Elapsed Time: 20.16s
2023-07-30 22:37:22 INFO     Epoch 3/30 | Processed 9920/13171 sequences (75.32%) | Training Loss: 0.081829 | Elapsed Time: 20.84s
2023-07-30 22:37:23 INFO     Epoch 3/30 | Processed 10240/13171 sequences (77.75%) | Training Loss: 0.082023 | Elapsed Time: 21.51s
2023-07-30 22:37:24 INFO     Epoch 3/30 | Processed 10560/13171 sequences (80.18%) | Training Loss: 0.082844 | Elapsed Time: 22.19s
2023-07-30 22:37:24 INFO     Epoch 3/30 | Processed 10880/13171 sequences (82.61%) | Training Loss: 0.082720 | Elapsed Time: 22.86s
2023-07-30 22:37:25 INFO     Epoch 3/30 | Processed 11200/13171 sequences (85.04%) | Training Loss: 0.082175 | Elapsed Time: 23.54s
2023-07-30 22:37:27 INFO     Epoch 3/30 | Processed 11520/13171 sequences (87.46%) | Training Loss: 0.081857 | Elapsed Time: 26.04s
2023-07-30 22:37:32 INFO     Epoch 3/30 | Processed 11840/13171 sequences (89.89%) | Training Loss: 0.081666 | Elapsed Time: 30.44s
2023-07-30 22:37:36 INFO     Epoch 3/30 | Processed 12160/13171 sequences (92.32%) | Training Loss: 0.081123 | Elapsed Time: 34.85s
2023-07-30 22:37:41 INFO     Epoch 3/30 | Processed 12480/13171 sequences (94.75%) | Training Loss: 0.079884 | Elapsed Time: 39.22s
2023-07-30 22:37:42 INFO     Epoch 3/30 | Processed 12800/13171 sequences (97.18%) | Training Loss: 0.078247 | Elapsed Time: 40.22s
2023-07-30 22:37:42 INFO     Epoch 3/30 | Processed 13120/13171 sequences (99.61%) | Training Loss: 0.076773 | Elapsed Time: 40.88s
2023-07-30 22:37:47 INFO     Accuracy: 1.0000
2023-07-30 22:37:47 INFO     Epoch: 3 	Training Loss: 0.076651 	valid Loss: 0.103676 	Epoch Time: 45.65s 	Total Time: 110.30s
2023-07-30 22:37:48 INFO     Epoch 4/30 | Processed 320/13171 sequences (2.43%) | Training Loss: 0.062159 | Elapsed Time: 0.67s
2023-07-30 22:37:48 INFO     Epoch 4/30 | Processed 640/13171 sequences (4.86%) | Training Loss: 0.067637 | Elapsed Time: 1.35s
2023-07-30 22:37:49 INFO     Epoch 4/30 | Processed 960/13171 sequences (7.29%) | Training Loss: 0.060792 | Elapsed Time: 2.02s
2023-07-30 22:37:50 INFO     Epoch 4/30 | Processed 1280/13171 sequences (9.72%) | Training Loss: 0.063461 | Elapsed Time: 2.69s
2023-07-30 22:37:50 INFO     Epoch 4/30 | Processed 1600/13171 sequences (12.15%) | Training Loss: 0.059030 | Elapsed Time: 3.37s
2023-07-30 22:37:51 INFO     Epoch 4/30 | Processed 1920/13171 sequences (14.58%) | Training Loss: 0.052497 | Elapsed Time: 4.04s
2023-07-30 22:37:52 INFO     Epoch 4/30 | Processed 2240/13171 sequences (17.01%) | Training Loss: 0.047620 | Elapsed Time: 4.71s
2023-07-30 22:37:52 INFO     Epoch 4/30 | Processed 2560/13171 sequences (19.44%) | Training Loss: 0.054155 | Elapsed Time: 5.40s
2023-07-30 22:37:53 INFO     Epoch 4/30 | Processed 2880/13171 sequences (21.87%) | Training Loss: 0.052011 | Elapsed Time: 6.07s
2023-07-30 22:37:54 INFO     Epoch 4/30 | Processed 3200/13171 sequences (24.30%) | Training Loss: 0.049994 | Elapsed Time: 6.74s
2023-07-30 22:37:54 INFO     Epoch 4/30 | Processed 3520/13171 sequences (26.73%) | Training Loss: 0.050197 | Elapsed Time: 7.41s
2023-07-30 22:37:55 INFO     Epoch 4/30 | Processed 3840/13171 sequences (29.15%) | Training Loss: 0.050277 | Elapsed Time: 8.08s
2023-07-30 22:37:56 INFO     Epoch 4/30 | Processed 4160/13171 sequences (31.58%) | Training Loss: 0.052294 | Elapsed Time: 8.75s
2023-07-30 22:37:56 INFO     Epoch 4/30 | Processed 4480/13171 sequences (34.01%) | Training Loss: 0.050664 | Elapsed Time: 9.43s
2023-07-30 22:37:57 INFO     Epoch 4/30 | Processed 4800/13171 sequences (36.44%) | Training Loss: 0.049613 | Elapsed Time: 10.10s
2023-07-30 22:37:58 INFO     Epoch 4/30 | Processed 5120/13171 sequences (38.87%) | Training Loss: 0.048191 | Elapsed Time: 10.77s
2023-07-30 22:37:59 INFO     Epoch 4/30 | Processed 5440/13171 sequences (41.30%) | Training Loss: 0.045864 | Elapsed Time: 11.44s
2023-07-30 22:37:59 INFO     Epoch 4/30 | Processed 5760/13171 sequences (43.73%) | Training Loss: 0.045471 | Elapsed Time: 12.12s
2023-07-30 22:38:00 INFO     Epoch 4/30 | Processed 6080/13171 sequences (46.16%) | Training Loss: 0.045950 | Elapsed Time: 12.79s
2023-07-30 22:38:01 INFO     Epoch 4/30 | Processed 6400/13171 sequences (48.59%) | Training Loss: 0.046151 | Elapsed Time: 13.47s
2023-07-30 22:38:01 INFO     Epoch 4/30 | Processed 6720/13171 sequences (51.02%) | Training Loss: 0.046931 | Elapsed Time: 14.14s
2023-07-30 22:38:02 INFO     Epoch 4/30 | Processed 7040/13171 sequences (53.45%) | Training Loss: 0.049088 | Elapsed Time: 14.81s
2023-07-30 22:38:03 INFO     Epoch 4/30 | Processed 7360/13171 sequences (55.88%) | Training Loss: 0.050159 | Elapsed Time: 15.49s
2023-07-30 22:38:03 INFO     Epoch 4/30 | Processed 7680/13171 sequences (58.31%) | Training Loss: 0.049833 | Elapsed Time: 16.17s
2023-07-30 22:38:04 INFO     Epoch 4/30 | Processed 8000/13171 sequences (60.74%) | Training Loss: 0.050157 | Elapsed Time: 16.84s
2023-07-30 22:38:05 INFO     Epoch 4/30 | Processed 8320/13171 sequences (63.17%) | Training Loss: 0.051621 | Elapsed Time: 17.52s
2023-07-30 22:38:05 INFO     Epoch 4/30 | Processed 8640/13171 sequences (65.60%) | Training Loss: 0.051815 | Elapsed Time: 18.20s
2023-07-30 22:38:06 INFO     Epoch 4/30 | Processed 8960/13171 sequences (68.03%) | Training Loss: 0.052664 | Elapsed Time: 18.87s
2023-07-30 22:38:07 INFO     Epoch 4/30 | Processed 9280/13171 sequences (70.46%) | Training Loss: 0.053063 | Elapsed Time: 19.54s
2023-07-30 22:38:07 INFO     Epoch 4/30 | Processed 9600/13171 sequences (72.89%) | Training Loss: 0.053918 | Elapsed Time: 20.21s
2023-07-30 22:38:08 INFO     Epoch 4/30 | Processed 9920/13171 sequences (75.32%) | Training Loss: 0.054491 | Elapsed Time: 20.89s
2023-07-30 22:38:09 INFO     Epoch 4/30 | Processed 10240/13171 sequences (77.75%) | Training Loss: 0.055110 | Elapsed Time: 21.56s
2023-07-30 22:38:09 INFO     Epoch 4/30 | Processed 10560/13171 sequences (80.18%) | Training Loss: 0.054478 | Elapsed Time: 22.24s
2023-07-30 22:38:10 INFO     Epoch 4/30 | Processed 10880/13171 sequences (82.61%) | Training Loss: 0.055464 | Elapsed Time: 22.92s
2023-07-30 22:38:11 INFO     Epoch 4/30 | Processed 11200/13171 sequences (85.04%) | Training Loss: 0.055674 | Elapsed Time: 23.59s
2023-07-30 22:38:11 INFO     Epoch 4/30 | Processed 11520/13171 sequences (87.46%) | Training Loss: 0.055998 | Elapsed Time: 24.26s
2023-07-30 22:38:12 INFO     Epoch 4/30 | Processed 11840/13171 sequences (89.89%) | Training Loss: 0.055897 | Elapsed Time: 24.93s
2023-07-30 22:38:13 INFO     Epoch 4/30 | Processed 12160/13171 sequences (92.32%) | Training Loss: 0.055076 | Elapsed Time: 25.61s
2023-07-30 22:38:13 INFO     Epoch 4/30 | Processed 12480/13171 sequences (94.75%) | Training Loss: 0.054595 | Elapsed Time: 26.29s
2023-07-30 22:38:14 INFO     Epoch 4/30 | Processed 12800/13171 sequences (97.18%) | Training Loss: 0.055060 | Elapsed Time: 26.96s
2023-07-30 22:38:15 INFO     Epoch 4/30 | Processed 13120/13171 sequences (99.61%) | Training Loss: 0.055628 | Elapsed Time: 27.64s
2023-07-30 22:38:19 INFO     Accuracy: 1.0000
2023-07-30 22:38:19 INFO     Epoch: 4 	Training Loss: 0.055589 	valid Loss: 0.063108 	Epoch Time: 32.40s 	Total Time: 142.70s
2023-07-30 22:38:20 INFO     Epoch 5/30 | Processed 320/13171 sequences (2.43%) | Training Loss: 0.035481 | Elapsed Time: 0.67s
2023-07-30 22:38:21 INFO     Epoch 5/30 | Processed 640/13171 sequences (4.86%) | Training Loss: 0.038550 | Elapsed Time: 1.34s
2023-07-30 22:38:21 INFO     Epoch 5/30 | Processed 960/13171 sequences (7.29%) | Training Loss: 0.061569 | Elapsed Time: 2.01s
2023-07-30 22:38:22 INFO     Epoch 5/30 | Processed 1280/13171 sequences (9.72%) | Training Loss: 0.062688 | Elapsed Time: 2.68s
2023-07-30 22:38:23 INFO     Epoch 5/30 | Processed 1600/13171 sequences (12.15%) | Training Loss: 0.062334 | Elapsed Time: 3.35s
2023-07-30 22:38:23 INFO     Epoch 5/30 | Processed 1920/13171 sequences (14.58%) | Training Loss: 0.060136 | Elapsed Time: 4.03s
2023-07-30 22:38:24 INFO     Epoch 5/30 | Processed 2240/13171 sequences (17.01%) | Training Loss: 0.055150 | Elapsed Time: 4.70s
2023-07-30 22:38:25 INFO     Epoch 5/30 | Processed 2560/13171 sequences (19.44%) | Training Loss: 0.050005 | Elapsed Time: 5.36s
2023-07-30 22:38:25 INFO     Epoch 5/30 | Processed 2880/13171 sequences (21.87%) | Training Loss: 0.046641 | Elapsed Time: 6.03s
2023-07-30 22:38:26 INFO     Epoch 5/30 | Processed 3200/13171 sequences (24.30%) | Training Loss: 0.045776 | Elapsed Time: 6.71s
2023-07-30 22:38:27 INFO     Epoch 5/30 | Processed 3520/13171 sequences (26.73%) | Training Loss: 0.043599 | Elapsed Time: 7.38s
2023-07-30 22:38:28 INFO     Epoch 5/30 | Processed 3840/13171 sequences (29.15%) | Training Loss: 0.043646 | Elapsed Time: 8.05s
2023-07-30 22:38:28 INFO     Epoch 5/30 | Processed 4160/13171 sequences (31.58%) | Training Loss: 0.044116 | Elapsed Time: 8.72s
2023-07-30 22:38:29 INFO     Epoch 5/30 | Processed 4480/13171 sequences (34.01%) | Training Loss: 0.045465 | Elapsed Time: 9.39s
2023-07-30 22:38:30 INFO     Epoch 5/30 | Processed 4800/13171 sequences (36.44%) | Training Loss: 0.044496 | Elapsed Time: 10.07s
2023-07-30 22:38:30 INFO     Epoch 5/30 | Processed 5120/13171 sequences (38.87%) | Training Loss: 0.043144 | Elapsed Time: 10.74s
2023-07-30 22:38:31 INFO     Epoch 5/30 | Processed 5440/13171 sequences (41.30%) | Training Loss: 0.042148 | Elapsed Time: 11.42s
2023-07-30 22:38:32 INFO     Epoch 5/30 | Processed 5760/13171 sequences (43.73%) | Training Loss: 0.043441 | Elapsed Time: 12.09s
2023-07-30 22:38:32 INFO     Epoch 5/30 | Processed 6080/13171 sequences (46.16%) | Training Loss: 0.045797 | Elapsed Time: 12.77s
2023-07-30 22:38:33 INFO     Epoch 5/30 | Processed 6400/13171 sequences (48.59%) | Training Loss: 0.045648 | Elapsed Time: 13.45s
2023-07-30 22:38:34 INFO     Epoch 5/30 | Processed 6720/13171 sequences (51.02%) | Training Loss: 0.045073 | Elapsed Time: 14.12s
2023-07-30 22:38:34 INFO     Epoch 5/30 | Processed 7040/13171 sequences (53.45%) | Training Loss: 0.046142 | Elapsed Time: 14.79s
2023-07-30 22:38:35 INFO     Epoch 5/30 | Processed 7360/13171 sequences (55.88%) | Training Loss: 0.048029 | Elapsed Time: 15.47s
2023-07-30 22:38:36 INFO     Epoch 5/30 | Processed 7680/13171 sequences (58.31%) | Training Loss: 0.047903 | Elapsed Time: 16.14s
2023-07-30 22:38:36 INFO     Epoch 5/30 | Processed 8000/13171 sequences (60.74%) | Training Loss: 0.048330 | Elapsed Time: 16.81s
2023-07-30 22:38:37 INFO     Epoch 5/30 | Processed 8320/13171 sequences (63.17%) | Training Loss: 0.047509 | Elapsed Time: 17.49s
2023-07-30 22:38:38 INFO     Epoch 5/30 | Processed 8640/13171 sequences (65.60%) | Training Loss: 0.047256 | Elapsed Time: 18.16s
2023-07-30 22:38:38 INFO     Epoch 5/30 | Processed 8960/13171 sequences (68.03%) | Training Loss: 0.048304 | Elapsed Time: 18.83s
2023-07-30 22:38:39 INFO     Epoch 5/30 | Processed 9280/13171 sequences (70.46%) | Training Loss: 0.048172 | Elapsed Time: 19.49s
2023-07-30 22:38:40 INFO     Epoch 5/30 | Processed 9600/13171 sequences (72.89%) | Training Loss: 0.048925 | Elapsed Time: 20.16s
2023-07-30 22:38:40 INFO     Epoch 5/30 | Processed 9920/13171 sequences (75.32%) | Training Loss: 0.048619 | Elapsed Time: 20.83s
2023-07-30 22:38:41 INFO     Epoch 5/30 | Processed 10240/13171 sequences (77.75%) | Training Loss: 0.048058 | Elapsed Time: 21.49s
2023-07-30 22:38:42 INFO     Epoch 5/30 | Processed 10560/13171 sequences (80.18%) | Training Loss: 0.047271 | Elapsed Time: 22.16s
2023-07-30 22:38:42 INFO     Epoch 5/30 | Processed 10880/13171 sequences (82.61%) | Training Loss: 0.046155 | Elapsed Time: 22.84s
2023-07-30 22:38:43 INFO     Epoch 5/30 | Processed 11200/13171 sequences (85.04%) | Training Loss: 0.045022 | Elapsed Time: 23.50s
2023-07-30 22:38:44 INFO     Epoch 5/30 | Processed 11520/13171 sequences (87.46%) | Training Loss: 0.046439 | Elapsed Time: 24.17s
2023-07-30 22:38:44 INFO     Epoch 5/30 | Processed 11840/13171 sequences (89.89%) | Training Loss: 0.047553 | Elapsed Time: 24.83s
2023-07-30 22:38:45 INFO     Epoch 5/30 | Processed 12160/13171 sequences (92.32%) | Training Loss: 0.049077 | Elapsed Time: 25.50s
2023-07-30 22:38:46 INFO     Epoch 5/30 | Processed 12480/13171 sequences (94.75%) | Training Loss: 0.049302 | Elapsed Time: 26.18s
2023-07-30 22:38:46 INFO     Epoch 5/30 | Processed 12800/13171 sequences (97.18%) | Training Loss: 0.049421 | Elapsed Time: 26.85s
2023-07-30 22:38:47 INFO     Epoch 5/30 | Processed 13120/13171 sequences (99.61%) | Training Loss: 0.049182 | Elapsed Time: 27.52s
2023-07-30 22:38:52 INFO     Accuracy: 1.0000
2023-07-30 22:38:52 INFO     Epoch: 5 	Training Loss: 0.049286 	valid Loss: 0.116948 	Epoch Time: 32.28s 	Total Time: 174.98s
2023-07-30 22:38:52 INFO     Epoch 6/30 | Processed 320/13171 sequences (2.43%) | Training Loss: 0.053805 | Elapsed Time: 0.67s
2023-07-30 22:38:53 INFO     Epoch 6/30 | Processed 640/13171 sequences (4.86%) | Training Loss: 0.033599 | Elapsed Time: 1.34s
2023-07-30 22:38:54 INFO     Epoch 6/30 | Processed 960/13171 sequences (7.29%) | Training Loss: 0.036410 | Elapsed Time: 2.01s
2023-07-30 22:38:54 INFO     Epoch 6/30 | Processed 1280/13171 sequences (9.72%) | Training Loss: 0.043706 | Elapsed Time: 2.69s
2023-07-30 22:38:55 INFO     Epoch 6/30 | Processed 1600/13171 sequences (12.15%) | Training Loss: 0.042688 | Elapsed Time: 3.37s
2023-07-30 22:38:56 INFO     Epoch 6/30 | Processed 1920/13171 sequences (14.58%) | Training Loss: 0.048597 | Elapsed Time: 4.04s
2023-07-30 22:38:56 INFO     Epoch 6/30 | Processed 2240/13171 sequences (17.01%) | Training Loss: 0.044549 | Elapsed Time: 4.72s
2023-07-30 22:38:57 INFO     Epoch 6/30 | Processed 2560/13171 sequences (19.44%) | Training Loss: 0.042014 | Elapsed Time: 5.39s
2023-07-30 22:38:58 INFO     Epoch 6/30 | Processed 2880/13171 sequences (21.87%) | Training Loss: 0.042305 | Elapsed Time: 6.07s
2023-07-30 22:38:58 INFO     Epoch 6/30 | Processed 3200/13171 sequences (24.30%) | Training Loss: 0.040717 | Elapsed Time: 6.74s
2023-07-30 22:38:59 INFO     Epoch 6/30 | Processed 3520/13171 sequences (26.73%) | Training Loss: 0.044934 | Elapsed Time: 7.42s
2023-07-30 22:39:00 INFO     Epoch 6/30 | Processed 3840/13171 sequences (29.15%) | Training Loss: 0.046270 | Elapsed Time: 8.34s
2023-07-30 22:39:01 INFO     Epoch 6/30 | Processed 4160/13171 sequences (31.58%) | Training Loss: 0.046201 | Elapsed Time: 9.01s
2023-07-30 22:39:01 INFO     Epoch 6/30 | Processed 4480/13171 sequences (34.01%) | Training Loss: 0.044151 | Elapsed Time: 9.69s
2023-07-30 22:39:02 INFO     Epoch 6/30 | Processed 4800/13171 sequences (36.44%) | Training Loss: 0.043159 | Elapsed Time: 10.36s
2023-07-30 22:39:03 INFO     Epoch 6/30 | Processed 5120/13171 sequences (38.87%) | Training Loss: 0.041905 | Elapsed Time: 11.03s
2023-07-30 22:39:03 INFO     Epoch 6/30 | Processed 5440/13171 sequences (41.30%) | Training Loss: 0.040654 | Elapsed Time: 11.71s
2023-07-30 22:39:04 INFO     Epoch 6/30 | Processed 5760/13171 sequences (43.73%) | Training Loss: 0.040063 | Elapsed Time: 12.38s
2023-07-30 22:39:05 INFO     Epoch 6/30 | Processed 6080/13171 sequences (46.16%) | Training Loss: 0.038975 | Elapsed Time: 13.05s
2023-07-30 22:39:05 INFO     Epoch 6/30 | Processed 6400/13171 sequences (48.59%) | Training Loss: 0.038229 | Elapsed Time: 13.73s
2023-07-30 22:39:06 INFO     Epoch 6/30 | Processed 6720/13171 sequences (51.02%) | Training Loss: 0.039750 | Elapsed Time: 14.40s
2023-07-30 22:39:07 INFO     Epoch 6/30 | Processed 7040/13171 sequences (53.45%) | Training Loss: 0.039851 | Elapsed Time: 15.07s
2023-07-30 22:39:07 INFO     Epoch 6/30 | Processed 7360/13171 sequences (55.88%) | Training Loss: 0.038928 | Elapsed Time: 15.75s
2023-07-30 22:39:08 INFO     Epoch 6/30 | Processed 7680/13171 sequences (58.31%) | Training Loss: 0.038549 | Elapsed Time: 16.42s
2023-07-30 22:39:09 INFO     Epoch 6/30 | Processed 8000/13171 sequences (60.74%) | Training Loss: 0.037960 | Elapsed Time: 17.09s
2023-07-30 22:39:10 INFO     Epoch 6/30 | Processed 8320/13171 sequences (63.17%) | Training Loss: 0.037393 | Elapsed Time: 17.76s
2023-07-30 22:39:10 INFO     Epoch 6/30 | Processed 8640/13171 sequences (65.60%) | Training Loss: 0.037096 | Elapsed Time: 18.43s
2023-07-30 22:39:11 INFO     Epoch 6/30 | Processed 8960/13171 sequences (68.03%) | Training Loss: 0.038045 | Elapsed Time: 19.10s
2023-07-30 22:39:12 INFO     Epoch 6/30 | Processed 9280/13171 sequences (70.46%) | Training Loss: 0.037990 | Elapsed Time: 19.77s
2023-07-30 22:39:12 INFO     Epoch 6/30 | Processed 9600/13171 sequences (72.89%) | Training Loss: 0.037716 | Elapsed Time: 20.45s
2023-07-30 22:39:13 INFO     Epoch 6/30 | Processed 9920/13171 sequences (75.32%) | Training Loss: 0.037574 | Elapsed Time: 21.11s
2023-07-30 22:39:14 INFO     Epoch 6/30 | Processed 10240/13171 sequences (77.75%) | Training Loss: 0.036855 | Elapsed Time: 21.79s
2023-07-30 22:39:14 INFO     Epoch 6/30 | Processed 10560/13171 sequences (80.18%) | Training Loss: 0.036866 | Elapsed Time: 22.46s
2023-07-30 22:39:15 INFO     Epoch 6/30 | Processed 10880/13171 sequences (82.61%) | Training Loss: 0.037809 | Elapsed Time: 23.13s
2023-07-30 22:39:16 INFO     Epoch 6/30 | Processed 11200/13171 sequences (85.04%) | Training Loss: 0.038277 | Elapsed Time: 23.80s
2023-07-30 22:39:16 INFO     Epoch 6/30 | Processed 11520/13171 sequences (87.46%) | Training Loss: 0.038286 | Elapsed Time: 24.46s
2023-07-30 22:39:17 INFO     Epoch 6/30 | Processed 11840/13171 sequences (89.89%) | Training Loss: 0.038058 | Elapsed Time: 25.14s
2023-07-30 22:39:18 INFO     Epoch 6/30 | Processed 12160/13171 sequences (92.32%) | Training Loss: 0.037525 | Elapsed Time: 25.80s
2023-07-30 22:39:18 INFO     Epoch 6/30 | Processed 12480/13171 sequences (94.75%) | Training Loss: 0.036921 | Elapsed Time: 26.48s
2023-07-30 22:39:19 INFO     Epoch 6/30 | Processed 12800/13171 sequences (97.18%) | Training Loss: 0.036746 | Elapsed Time: 27.15s
2023-07-30 22:39:20 INFO     Epoch 6/30 | Processed 13120/13171 sequences (99.61%) | Training Loss: 0.037571 | Elapsed Time: 27.81s
2023-07-30 22:39:24 INFO     Accuracy: 1.0000
2023-07-30 22:39:24 INFO     Epoch: 6 	Training Loss: 0.037488 	valid Loss: 0.100422 	Epoch Time: 32.57s 	Total Time: 207.56s
2023-07-30 22:39:25 INFO     Epoch 7/30 | Processed 320/13171 sequences (2.43%) | Training Loss: 0.061333 | Elapsed Time: 0.67s
2023-07-30 22:39:26 INFO     Epoch 7/30 | Processed 640/13171 sequences (4.86%) | Training Loss: 0.047370 | Elapsed Time: 1.34s
2023-07-30 22:39:26 INFO     Epoch 7/30 | Processed 960/13171 sequences (7.29%) | Training Loss: 0.041124 | Elapsed Time: 2.00s
2023-07-30 22:39:27 INFO     Epoch 7/30 | Processed 1280/13171 sequences (9.72%) | Training Loss: 0.044878 | Elapsed Time: 2.68s
2023-07-30 22:39:28 INFO     Epoch 7/30 | Processed 1600/13171 sequences (12.15%) | Training Loss: 0.044354 | Elapsed Time: 3.35s
2023-07-30 22:39:28 INFO     Epoch 7/30 | Processed 1920/13171 sequences (14.58%) | Training Loss: 0.043844 | Elapsed Time: 4.03s
2023-07-30 22:39:29 INFO     Epoch 7/30 | Processed 2240/13171 sequences (17.01%) | Training Loss: 0.039839 | Elapsed Time: 4.69s
2023-07-30 22:39:30 INFO     Epoch 7/30 | Processed 2560/13171 sequences (19.44%) | Training Loss: 0.038166 | Elapsed Time: 5.37s
2023-07-30 22:39:30 INFO     Epoch 7/30 | Processed 2880/13171 sequences (21.87%) | Training Loss: 0.037673 | Elapsed Time: 6.03s
2023-07-30 22:39:31 INFO     Epoch 7/30 | Processed 3200/13171 sequences (24.30%) | Training Loss: 0.036140 | Elapsed Time: 6.70s
2023-07-30 22:39:32 INFO     Epoch 7/30 | Processed 3520/13171 sequences (26.73%) | Training Loss: 0.037624 | Elapsed Time: 7.37s
2023-07-30 22:39:32 INFO     Epoch 7/30 | Processed 3840/13171 sequences (29.15%) | Training Loss: 0.036645 | Elapsed Time: 8.04s
2023-07-30 22:39:33 INFO     Epoch 7/30 | Processed 4160/13171 sequences (31.58%) | Training Loss: 0.040378 | Elapsed Time: 8.71s
2023-07-30 22:39:34 INFO     Epoch 7/30 | Processed 4480/13171 sequences (34.01%) | Training Loss: 0.039367 | Elapsed Time: 9.38s
2023-07-30 22:39:34 INFO     Epoch 7/30 | Processed 4800/13171 sequences (36.44%) | Training Loss: 0.038325 | Elapsed Time: 10.06s
2023-07-30 22:39:35 INFO     Epoch 7/30 | Processed 5120/13171 sequences (38.87%) | Training Loss: 0.038020 | Elapsed Time: 10.73s
2023-07-30 22:39:36 INFO     Epoch 7/30 | Processed 5440/13171 sequences (41.30%) | Training Loss: 0.038052 | Elapsed Time: 11.40s
2023-07-30 22:39:36 INFO     Epoch 7/30 | Processed 5760/13171 sequences (43.73%) | Training Loss: 0.042987 | Elapsed Time: 12.07s
2023-07-30 22:39:37 INFO     Epoch 7/30 | Processed 6080/13171 sequences (46.16%) | Training Loss: 0.043964 | Elapsed Time: 12.74s
2023-07-30 22:39:38 INFO     Epoch 7/30 | Processed 6400/13171 sequences (48.59%) | Training Loss: 0.043135 | Elapsed Time: 13.41s
2023-07-30 22:39:38 INFO     Epoch 7/30 | Processed 6720/13171 sequences (51.02%) | Training Loss: 0.043637 | Elapsed Time: 14.08s
2023-07-30 22:39:39 INFO     Epoch 7/30 | Processed 7040/13171 sequences (53.45%) | Training Loss: 0.044052 | Elapsed Time: 14.75s
2023-07-30 22:39:40 INFO     Epoch 7/30 | Processed 7360/13171 sequences (55.88%) | Training Loss: 0.045117 | Elapsed Time: 15.42s
2023-07-30 22:39:40 INFO     Epoch 7/30 | Processed 7680/13171 sequences (58.31%) | Training Loss: 0.046294 | Elapsed Time: 16.09s
2023-07-30 22:39:41 INFO     Epoch 7/30 | Processed 8000/13171 sequences (60.74%) | Training Loss: 0.046813 | Elapsed Time: 16.77s
2023-07-30 22:39:42 INFO     Epoch 7/30 | Processed 8320/13171 sequences (63.17%) | Training Loss: 0.047251 | Elapsed Time: 17.43s
2023-07-30 22:39:42 INFO     Epoch 7/30 | Processed 8640/13171 sequences (65.60%) | Training Loss: 0.047454 | Elapsed Time: 18.11s
2023-07-30 22:39:43 INFO     Epoch 7/30 | Processed 8960/13171 sequences (68.03%) | Training Loss: 0.046818 | Elapsed Time: 18.78s
2023-07-30 22:39:44 INFO     Epoch 7/30 | Processed 9280/13171 sequences (70.46%) | Training Loss: 0.046181 | Elapsed Time: 19.46s
2023-07-30 22:39:44 INFO     Epoch 7/30 | Processed 9600/13171 sequences (72.89%) | Training Loss: 0.046116 | Elapsed Time: 20.12s
2023-07-30 22:39:45 INFO     Epoch 7/30 | Processed 9920/13171 sequences (75.32%) | Training Loss: 0.045190 | Elapsed Time: 20.80s
2023-07-30 22:39:46 INFO     Epoch 7/30 | Processed 10240/13171 sequences (77.75%) | Training Loss: 0.044696 | Elapsed Time: 21.47s
2023-07-30 22:39:46 INFO     Epoch 7/30 | Processed 10560/13171 sequences (80.18%) | Training Loss: 0.046245 | Elapsed Time: 22.14s
2023-07-30 22:39:47 INFO     Epoch 7/30 | Processed 10880/13171 sequences (82.61%) | Training Loss: 0.046679 | Elapsed Time: 22.82s
2023-07-30 22:39:51 INFO     Epoch 7/30 | Processed 11200/13171 sequences (85.04%) | Training Loss: 0.046044 | Elapsed Time: 26.45s
2023-07-30 22:39:55 INFO     Epoch 7/30 | Processed 11520/13171 sequences (87.46%) | Training Loss: 0.045148 | Elapsed Time: 30.79s
2023-07-30 22:39:57 INFO     Epoch 7/30 | Processed 11840/13171 sequences (89.89%) | Training Loss: 0.044428 | Elapsed Time: 32.94s
2023-07-30 22:39:58 INFO     Epoch 7/30 | Processed 12160/13171 sequences (92.32%) | Training Loss: 0.044029 | Elapsed Time: 33.62s
2023-07-30 22:39:59 INFO     Epoch 7/30 | Processed 12480/13171 sequences (94.75%) | Training Loss: 0.044565 | Elapsed Time: 34.29s
2023-07-30 22:39:59 INFO     Epoch 7/30 | Processed 12800/13171 sequences (97.18%) | Training Loss: 0.044584 | Elapsed Time: 34.97s
2023-07-30 22:40:00 INFO     Epoch 7/30 | Processed 13120/13171 sequences (99.61%) | Training Loss: 0.044783 | Elapsed Time: 35.65s
2023-07-30 22:40:06 INFO     Accuracy: 1.0000
2023-07-30 22:40:06 INFO     Epoch: 7 	Training Loss: 0.044655 	valid Loss: 0.074167 	Epoch Time: 41.71s 	Total Time: 249.27s
2023-07-30 22:40:07 INFO     Epoch 8/30 | Processed 320/13171 sequences (2.43%) | Training Loss: 0.016371 | Elapsed Time: 0.67s
2023-07-30 22:40:07 INFO     Epoch 8/30 | Processed 640/13171 sequences (4.86%) | Training Loss: 0.017697 | Elapsed Time: 1.34s
2023-07-30 22:40:08 INFO     Epoch 8/30 | Processed 960/13171 sequences (7.29%) | Training Loss: 0.030416 | Elapsed Time: 2.01s
2023-07-30 22:40:09 INFO     Epoch 8/30 | Processed 1280/13171 sequences (9.72%) | Training Loss: 0.032964 | Elapsed Time: 2.69s
2023-07-30 22:40:09 INFO     Epoch 8/30 | Processed 1600/13171 sequences (12.15%) | Training Loss: 0.030729 | Elapsed Time: 3.36s
2023-07-30 22:40:10 INFO     Epoch 8/30 | Processed 1920/13171 sequences (14.58%) | Training Loss: 0.046818 | Elapsed Time: 4.03s
2023-07-30 22:40:11 INFO     Epoch 8/30 | Processed 2240/13171 sequences (17.01%) | Training Loss: 0.042102 | Elapsed Time: 4.71s
2023-07-30 22:40:11 INFO     Epoch 8/30 | Processed 2560/13171 sequences (19.44%) | Training Loss: 0.038433 | Elapsed Time: 5.38s
2023-07-30 22:40:12 INFO     Epoch 8/30 | Processed 2880/13171 sequences (21.87%) | Training Loss: 0.034739 | Elapsed Time: 6.05s
2023-07-30 22:40:13 INFO     Epoch 8/30 | Processed 3200/13171 sequences (24.30%) | Training Loss: 0.034083 | Elapsed Time: 6.72s
2023-07-30 22:40:13 INFO     Epoch 8/30 | Processed 3520/13171 sequences (26.73%) | Training Loss: 0.034106 | Elapsed Time: 7.40s
2023-07-30 22:40:14 INFO     Epoch 8/30 | Processed 3840/13171 sequences (29.15%) | Training Loss: 0.033736 | Elapsed Time: 8.08s
2023-07-30 22:40:15 INFO     Epoch 8/30 | Processed 4160/13171 sequences (31.58%) | Training Loss: 0.033800 | Elapsed Time: 8.76s
2023-07-30 22:40:15 INFO     Epoch 8/30 | Processed 4480/13171 sequences (34.01%) | Training Loss: 0.032750 | Elapsed Time: 9.43s
2023-07-30 22:40:16 INFO     Epoch 8/30 | Processed 4800/13171 sequences (36.44%) | Training Loss: 0.032380 | Elapsed Time: 10.10s
2023-07-30 22:40:17 INFO     Epoch 8/30 | Processed 5120/13171 sequences (38.87%) | Training Loss: 0.030744 | Elapsed Time: 10.77s
2023-07-30 22:40:17 INFO     Epoch 8/30 | Processed 5440/13171 sequences (41.30%) | Training Loss: 0.032932 | Elapsed Time: 11.44s
2023-07-30 22:40:18 INFO     Epoch 8/30 | Processed 5760/13171 sequences (43.73%) | Training Loss: 0.032300 | Elapsed Time: 12.12s
2023-07-30 22:40:19 INFO     Epoch 8/30 | Processed 6080/13171 sequences (46.16%) | Training Loss: 0.034043 | Elapsed Time: 12.78s
2023-07-30 22:40:19 INFO     Epoch 8/30 | Processed 6400/13171 sequences (48.59%) | Training Loss: 0.034569 | Elapsed Time: 13.46s
2023-07-30 22:40:20 INFO     Epoch 8/30 | Processed 6720/13171 sequences (51.02%) | Training Loss: 0.035702 | Elapsed Time: 14.13s
2023-07-30 22:40:21 INFO     Epoch 8/30 | Processed 7040/13171 sequences (53.45%) | Training Loss: 0.036974 | Elapsed Time: 14.80s
2023-07-30 22:40:22 INFO     Epoch 8/30 | Processed 7360/13171 sequences (55.88%) | Training Loss: 0.037393 | Elapsed Time: 15.47s
2023-07-30 22:40:22 INFO     Epoch 8/30 | Processed 7680/13171 sequences (58.31%) | Training Loss: 0.036585 | Elapsed Time: 16.14s
2023-07-30 22:40:23 INFO     Epoch 8/30 | Processed 8000/13171 sequences (60.74%) | Training Loss: 0.037054 | Elapsed Time: 16.81s
2023-07-30 22:40:24 INFO     Epoch 8/30 | Processed 8320/13171 sequences (63.17%) | Training Loss: 0.036532 | Elapsed Time: 17.47s
2023-07-30 22:40:24 INFO     Epoch 8/30 | Processed 8640/13171 sequences (65.60%) | Training Loss: 0.036803 | Elapsed Time: 18.13s
2023-07-30 22:40:25 INFO     Epoch 8/30 | Processed 8960/13171 sequences (68.03%) | Training Loss: 0.037270 | Elapsed Time: 18.80s
2023-07-30 22:40:26 INFO     Epoch 8/30 | Processed 9280/13171 sequences (70.46%) | Training Loss: 0.037267 | Elapsed Time: 19.47s
2023-07-30 22:40:26 INFO     Epoch 8/30 | Processed 9600/13171 sequences (72.89%) | Training Loss: 0.036210 | Elapsed Time: 20.14s
2023-07-30 22:40:27 INFO     Epoch 8/30 | Processed 9920/13171 sequences (75.32%) | Training Loss: 0.035120 | Elapsed Time: 20.81s
2023-07-30 22:40:28 INFO     Epoch 8/30 | Processed 10240/13171 sequences (77.75%) | Training Loss: 0.034665 | Elapsed Time: 21.48s
2023-07-30 22:40:28 INFO     Epoch 8/30 | Processed 10560/13171 sequences (80.18%) | Training Loss: 0.033941 | Elapsed Time: 22.16s
2023-07-30 22:40:29 INFO     Epoch 8/30 | Processed 10880/13171 sequences (82.61%) | Training Loss: 0.033595 | Elapsed Time: 22.84s
2023-07-30 22:40:30 INFO     Epoch 8/30 | Processed 11200/13171 sequences (85.04%) | Training Loss: 0.033728 | Elapsed Time: 23.55s
2023-07-30 22:40:30 INFO     Epoch 8/30 | Processed 11520/13171 sequences (87.46%) | Training Loss: 0.033234 | Elapsed Time: 24.22s
2023-07-30 22:40:31 INFO     Epoch 8/30 | Processed 11840/13171 sequences (89.89%) | Training Loss: 0.032758 | Elapsed Time: 24.90s
2023-07-30 22:40:32 INFO     Epoch 8/30 | Processed 12160/13171 sequences (92.32%) | Training Loss: 0.032339 | Elapsed Time: 25.58s
2023-07-30 22:40:33 INFO     Epoch 8/30 | Processed 12480/13171 sequences (94.75%) | Training Loss: 0.032200 | Elapsed Time: 26.52s
2023-07-30 22:40:33 INFO     Epoch 8/30 | Processed 12800/13171 sequences (97.18%) | Training Loss: 0.031993 | Elapsed Time: 27.21s
2023-07-30 22:40:34 INFO     Epoch 8/30 | Processed 13120/13171 sequences (99.61%) | Training Loss: 0.031402 | Elapsed Time: 27.88s
2023-07-30 22:40:39 INFO     Accuracy: 1.0000
2023-07-30 22:40:39 INFO     Epoch: 8 	Training Loss: 0.031302 	valid Loss: 0.069832 	Epoch Time: 32.85s 	Total Time: 282.12s
2023-07-30 22:40:40 INFO     Epoch 9/30 | Processed 320/13171 sequences (2.43%) | Training Loss: 0.027696 | Elapsed Time: 0.68s
2023-07-30 22:40:40 INFO     Epoch 9/30 | Processed 640/13171 sequences (4.86%) | Training Loss: 0.015175 | Elapsed Time: 1.35s
2023-07-30 22:40:41 INFO     Epoch 9/30 | Processed 960/13171 sequences (7.29%) | Training Loss: 0.017523 | Elapsed Time: 2.03s
2023-07-30 22:40:42 INFO     Epoch 9/30 | Processed 1280/13171 sequences (9.72%) | Training Loss: 0.015638 | Elapsed Time: 2.70s
2023-07-30 22:40:42 INFO     Epoch 9/30 | Processed 1600/13171 sequences (12.15%) | Training Loss: 0.029857 | Elapsed Time: 3.38s
2023-07-30 22:40:43 INFO     Epoch 9/30 | Processed 1920/13171 sequences (14.58%) | Training Loss: 0.036684 | Elapsed Time: 4.42s
2023-07-30 22:40:47 INFO     Epoch 9/30 | Processed 2240/13171 sequences (17.01%) | Training Loss: 0.038669 | Elapsed Time: 7.98s
2023-07-30 22:40:48 INFO     Epoch 9/30 | Processed 2560/13171 sequences (19.44%) | Training Loss: 0.039626 | Elapsed Time: 8.66s
2023-07-30 22:40:48 INFO     Epoch 9/30 | Processed 2880/13171 sequences (21.87%) | Training Loss: 0.036660 | Elapsed Time: 9.33s
2023-07-30 22:40:49 INFO     Epoch 9/30 | Processed 3200/13171 sequences (24.30%) | Training Loss: 0.038224 | Elapsed Time: 10.00s
2023-07-30 22:40:50 INFO     Epoch 9/30 | Processed 3520/13171 sequences (26.73%) | Training Loss: 0.037129 | Elapsed Time: 10.68s
2023-07-30 22:40:50 INFO     Epoch 9/30 | Processed 3840/13171 sequences (29.15%) | Training Loss: 0.041941 | Elapsed Time: 11.35s
2023-07-30 22:40:51 INFO     Epoch 9/30 | Processed 4160/13171 sequences (31.58%) | Training Loss: 0.046956 | Elapsed Time: 12.02s
2023-07-30 22:40:52 INFO     Epoch 9/30 | Processed 4480/13171 sequences (34.01%) | Training Loss: 0.045879 | Elapsed Time: 12.70s
2023-07-30 22:40:52 INFO     Epoch 9/30 | Processed 4800/13171 sequences (36.44%) | Training Loss: 0.047233 | Elapsed Time: 13.37s
2023-07-30 22:40:53 INFO     Epoch 9/30 | Processed 5120/13171 sequences (38.87%) | Training Loss: 0.051787 | Elapsed Time: 14.05s
2023-07-30 22:40:54 INFO     Epoch 9/30 | Processed 5440/13171 sequences (41.30%) | Training Loss: 0.052098 | Elapsed Time: 14.72s
2023-07-30 22:40:54 INFO     Epoch 9/30 | Processed 5760/13171 sequences (43.73%) | Training Loss: 0.050730 | Elapsed Time: 15.40s
2023-07-30 22:40:55 INFO     Epoch 9/30 | Processed 6080/13171 sequences (46.16%) | Training Loss: 0.049132 | Elapsed Time: 16.08s
2023-07-30 22:40:56 INFO     Epoch 9/30 | Processed 6400/13171 sequences (48.59%) | Training Loss: 0.047860 | Elapsed Time: 16.75s
2023-07-30 22:40:56 INFO     Epoch 9/30 | Processed 6720/13171 sequences (51.02%) | Training Loss: 0.047836 | Elapsed Time: 17.43s
2023-07-30 22:40:57 INFO     Epoch 9/30 | Processed 7040/13171 sequences (53.45%) | Training Loss: 0.047518 | Elapsed Time: 18.10s
2023-07-30 22:40:58 INFO     Epoch 9/30 | Processed 7360/13171 sequences (55.88%) | Training Loss: 0.047067 | Elapsed Time: 18.78s
2023-07-30 22:40:58 INFO     Epoch 9/30 | Processed 7680/13171 sequences (58.31%) | Training Loss: 0.047664 | Elapsed Time: 19.45s
2023-07-30 22:40:59 INFO     Epoch 9/30 | Processed 8000/13171 sequences (60.74%) | Training Loss: 0.047514 | Elapsed Time: 20.13s
2023-07-30 22:41:00 INFO     Epoch 9/30 | Processed 8320/13171 sequences (63.17%) | Training Loss: 0.046948 | Elapsed Time: 20.81s
2023-07-30 22:41:00 INFO     Epoch 9/30 | Processed 8640/13171 sequences (65.60%) | Training Loss: 0.045908 | Elapsed Time: 21.49s
2023-07-30 22:41:01 INFO     Epoch 9/30 | Processed 8960/13171 sequences (68.03%) | Training Loss: 0.045813 | Elapsed Time: 22.17s
2023-07-30 22:41:02 INFO     Epoch 9/30 | Processed 9280/13171 sequences (70.46%) | Training Loss: 0.044498 | Elapsed Time: 22.84s
2023-07-30 22:41:03 INFO     Epoch 9/30 | Processed 9600/13171 sequences (72.89%) | Training Loss: 0.043304 | Elapsed Time: 23.87s
2023-07-30 22:41:03 INFO     Epoch 9/30 | Processed 9920/13171 sequences (75.32%) | Training Loss: 0.042594 | Elapsed Time: 24.54s
2023-07-30 22:41:04 INFO     Epoch 9/30 | Processed 10240/13171 sequences (77.75%) | Training Loss: 0.041529 | Elapsed Time: 25.21s
2023-07-30 22:41:05 INFO     Epoch 9/30 | Processed 10560/13171 sequences (80.18%) | Training Loss: 0.041206 | Elapsed Time: 25.89s
2023-07-30 22:41:05 INFO     Epoch 9/30 | Processed 10880/13171 sequences (82.61%) | Training Loss: 0.041007 | Elapsed Time: 26.57s
2023-07-30 22:41:06 INFO     Epoch 9/30 | Processed 11200/13171 sequences (85.04%) | Training Loss: 0.040770 | Elapsed Time: 27.24s
2023-07-30 22:41:07 INFO     Epoch 9/30 | Processed 11520/13171 sequences (87.46%) | Training Loss: 0.040195 | Elapsed Time: 27.91s
2023-07-30 22:41:07 INFO     Epoch 9/30 | Processed 11840/13171 sequences (89.89%) | Training Loss: 0.040571 | Elapsed Time: 28.59s
2023-07-30 22:41:08 INFO     Epoch 9/30 | Processed 12160/13171 sequences (92.32%) | Training Loss: 0.040169 | Elapsed Time: 29.26s
2023-07-30 22:41:09 INFO     Epoch 9/30 | Processed 12480/13171 sequences (94.75%) | Training Loss: 0.039411 | Elapsed Time: 29.94s
2023-07-30 22:41:09 INFO     Epoch 9/30 | Processed 12800/13171 sequences (97.18%) | Training Loss: 0.039797 | Elapsed Time: 30.61s
2023-07-30 22:41:10 INFO     Epoch 9/30 | Processed 13120/13171 sequences (99.61%) | Training Loss: 0.039202 | Elapsed Time: 31.28s
2023-07-30 22:41:15 INFO     Accuracy: 1.0000
2023-07-30 22:41:15 INFO     Epoch: 9 	Training Loss: 0.039057 	valid Loss: 0.090614 	Epoch Time: 36.06s 	Total Time: 318.18s
2023-07-30 22:41:16 INFO     Epoch 10/30 | Processed 320/13171 sequences (2.43%) | Training Loss: 0.029039 | Elapsed Time: 0.67s
2023-07-30 22:41:16 INFO     Epoch 10/30 | Processed 640/13171 sequences (4.86%) | Training Loss: 0.032509 | Elapsed Time: 1.34s
2023-07-30 22:41:17 INFO     Epoch 10/30 | Processed 960/13171 sequences (7.29%) | Training Loss: 0.023766 | Elapsed Time: 2.02s
2023-07-30 22:41:18 INFO     Epoch 10/30 | Processed 1280/13171 sequences (9.72%) | Training Loss: 0.022795 | Elapsed Time: 2.68s
2023-07-30 22:41:18 INFO     Epoch 10/30 | Processed 1600/13171 sequences (12.15%) | Training Loss: 0.020606 | Elapsed Time: 3.35s
2023-07-30 22:41:19 INFO     Epoch 10/30 | Processed 1920/13171 sequences (14.58%) | Training Loss: 0.017872 | Elapsed Time: 4.02s
2023-07-30 22:41:20 INFO     Epoch 10/30 | Processed 2240/13171 sequences (17.01%) | Training Loss: 0.018192 | Elapsed Time: 4.69s
2023-07-30 22:41:20 INFO     Epoch 10/30 | Processed 2560/13171 sequences (19.44%) | Training Loss: 0.023062 | Elapsed Time: 5.36s
2023-07-30 22:41:21 INFO     Epoch 10/30 | Processed 2880/13171 sequences (21.87%) | Training Loss: 0.022661 | Elapsed Time: 6.03s
2023-07-30 22:41:22 INFO     Epoch 10/30 | Processed 3200/13171 sequences (24.30%) | Training Loss: 0.026244 | Elapsed Time: 6.70s
2023-07-30 22:41:22 INFO     Epoch 10/30 | Processed 3520/13171 sequences (26.73%) | Training Loss: 0.026572 | Elapsed Time: 7.36s
2023-07-30 22:41:23 INFO     Epoch 10/30 | Processed 3840/13171 sequences (29.15%) | Training Loss: 0.026462 | Elapsed Time: 8.04s
2023-07-30 22:41:24 INFO     Epoch 10/30 | Processed 4160/13171 sequences (31.58%) | Training Loss: 0.026922 | Elapsed Time: 8.71s
2023-07-30 22:41:24 INFO     Epoch 10/30 | Processed 4480/13171 sequences (34.01%) | Training Loss: 0.028979 | Elapsed Time: 9.38s
2023-07-30 22:41:25 INFO     Epoch 10/30 | Processed 4800/13171 sequences (36.44%) | Training Loss: 0.027520 | Elapsed Time: 10.05s
2023-07-30 22:41:26 INFO     Epoch 10/30 | Processed 5120/13171 sequences (38.87%) | Training Loss: 0.027368 | Elapsed Time: 10.73s
2023-07-30 22:41:26 INFO     Epoch 10/30 | Processed 5440/13171 sequences (41.30%) | Training Loss: 0.025867 | Elapsed Time: 11.40s
2023-07-30 22:41:27 INFO     Epoch 10/30 | Processed 5760/13171 sequences (43.73%) | Training Loss: 0.027491 | Elapsed Time: 12.07s
2023-07-30 22:41:28 INFO     Epoch 10/30 | Processed 6080/13171 sequences (46.16%) | Training Loss: 0.026844 | Elapsed Time: 12.75s
2023-07-30 22:41:28 INFO     Epoch 10/30 | Processed 6400/13171 sequences (48.59%) | Training Loss: 0.027939 | Elapsed Time: 13.43s
2023-07-30 22:41:29 INFO     Epoch 10/30 | Processed 6720/13171 sequences (51.02%) | Training Loss: 0.028576 | Elapsed Time: 14.10s
2023-07-30 22:41:30 INFO     Epoch 10/30 | Processed 7040/13171 sequences (53.45%) | Training Loss: 0.028072 | Elapsed Time: 14.77s
2023-07-30 22:41:30 INFO     Epoch 10/30 | Processed 7360/13171 sequences (55.88%) | Training Loss: 0.027339 | Elapsed Time: 15.45s
2023-07-30 22:41:31 INFO     Epoch 10/30 | Processed 7680/13171 sequences (58.31%) | Training Loss: 0.026768 | Elapsed Time: 16.13s
2023-07-30 22:41:32 INFO     Epoch 10/30 | Processed 8000/13171 sequences (60.74%) | Training Loss: 0.026385 | Elapsed Time: 16.80s
2023-07-30 22:41:32 INFO     Epoch 10/30 | Processed 8320/13171 sequences (63.17%) | Training Loss: 0.025653 | Elapsed Time: 17.47s
2023-07-30 22:41:33 INFO     Epoch 10/30 | Processed 8640/13171 sequences (65.60%) | Training Loss: 0.025835 | Elapsed Time: 18.15s
2023-07-30 22:41:34 INFO     Epoch 10/30 | Processed 8960/13171 sequences (68.03%) | Training Loss: 0.027218 | Elapsed Time: 18.83s
2023-07-30 22:41:34 INFO     Epoch 10/30 | Processed 9280/13171 sequences (70.46%) | Training Loss: 0.027225 | Elapsed Time: 19.50s
2023-07-30 22:41:35 INFO     Epoch 10/30 | Processed 9600/13171 sequences (72.89%) | Training Loss: 0.027301 | Elapsed Time: 20.18s
2023-07-30 22:41:36 INFO     Epoch 10/30 | Processed 9920/13171 sequences (75.32%) | Training Loss: 0.027806 | Elapsed Time: 20.85s
2023-07-30 22:41:36 INFO     Epoch 10/30 | Processed 10240/13171 sequences (77.75%) | Training Loss: 0.027580 | Elapsed Time: 21.53s
2023-07-30 22:41:37 INFO     Epoch 10/30 | Processed 10560/13171 sequences (80.18%) | Training Loss: 0.027299 | Elapsed Time: 22.20s
2023-07-30 22:41:38 INFO     Epoch 10/30 | Processed 10880/13171 sequences (82.61%) | Training Loss: 0.027430 | Elapsed Time: 22.88s
2023-07-30 22:41:38 INFO     Epoch 10/30 | Processed 11200/13171 sequences (85.04%) | Training Loss: 0.027113 | Elapsed Time: 23.55s
2023-07-30 22:41:39 INFO     Epoch 10/30 | Processed 11520/13171 sequences (87.46%) | Training Loss: 0.026820 | Elapsed Time: 24.22s
2023-07-30 22:41:40 INFO     Epoch 10/30 | Processed 11840/13171 sequences (89.89%) | Training Loss: 0.026202 | Elapsed Time: 24.90s
2023-07-30 22:41:41 INFO     Epoch 10/30 | Processed 12160/13171 sequences (92.32%) | Training Loss: 0.026023 | Elapsed Time: 25.57s
2023-07-30 22:41:41 INFO     Epoch 10/30 | Processed 12480/13171 sequences (94.75%) | Training Loss: 0.025660 | Elapsed Time: 26.24s
2023-07-30 22:41:42 INFO     Epoch 10/30 | Processed 12800/13171 sequences (97.18%) | Training Loss: 0.025045 | Elapsed Time: 26.91s
2023-07-30 22:41:43 INFO     Epoch 10/30 | Processed 13120/13171 sequences (99.61%) | Training Loss: 0.024452 | Elapsed Time: 27.59s
2023-07-30 22:41:47 INFO     Accuracy: 1.0000
2023-07-30 22:41:47 INFO     Epoch: 10 	Training Loss: 0.024432 	valid Loss: 0.076966 	Epoch Time: 32.34s 	Total Time: 350.51s
2023-07-30 22:41:48 INFO     Epoch 11/30 | Processed 320/13171 sequences (2.43%) | Training Loss: 0.010391 | Elapsed Time: 0.67s
2023-07-30 22:41:49 INFO     Epoch 11/30 | Processed 640/13171 sequences (4.86%) | Training Loss: 0.011064 | Elapsed Time: 1.35s
2023-07-30 22:41:49 INFO     Epoch 11/30 | Processed 960/13171 sequences (7.29%) | Training Loss: 0.009279 | Elapsed Time: 2.02s
2023-07-30 22:41:50 INFO     Epoch 11/30 | Processed 1280/13171 sequences (9.72%) | Training Loss: 0.008380 | Elapsed Time: 2.70s
2023-07-30 22:41:51 INFO     Epoch 11/30 | Processed 1600/13171 sequences (12.15%) | Training Loss: 0.010015 | Elapsed Time: 3.37s
2023-07-30 22:41:51 INFO     Epoch 11/30 | Processed 1920/13171 sequences (14.58%) | Training Loss: 0.015764 | Elapsed Time: 4.04s
2023-07-30 22:41:52 INFO     Epoch 11/30 | Processed 2240/13171 sequences (17.01%) | Training Loss: 0.021182 | Elapsed Time: 4.72s
2023-07-30 22:41:53 INFO     Epoch 11/30 | Processed 2560/13171 sequences (19.44%) | Training Loss: 0.019916 | Elapsed Time: 5.40s
2023-07-30 22:41:53 INFO     Epoch 11/30 | Processed 2880/13171 sequences (21.87%) | Training Loss: 0.018776 | Elapsed Time: 6.08s
2023-07-30 22:41:54 INFO     Epoch 11/30 | Processed 3200/13171 sequences (24.30%) | Training Loss: 0.017516 | Elapsed Time: 7.11s
2023-07-30 22:41:57 INFO     Epoch 11/30 | Processed 3520/13171 sequences (26.73%) | Training Loss: 0.017497 | Elapsed Time: 9.68s
2023-07-30 22:41:58 INFO     Epoch 11/30 | Processed 3840/13171 sequences (29.15%) | Training Loss: 0.017254 | Elapsed Time: 10.36s
2023-07-30 22:41:58 INFO     Epoch 11/30 | Processed 4160/13171 sequences (31.58%) | Training Loss: 0.016329 | Elapsed Time: 11.03s
2023-07-30 22:41:59 INFO     Epoch 11/30 | Processed 4480/13171 sequences (34.01%) | Training Loss: 0.016600 | Elapsed Time: 11.70s
2023-07-30 22:42:00 INFO     Epoch 11/30 | Processed 4800/13171 sequences (36.44%) | Training Loss: 0.017192 | Elapsed Time: 12.38s
2023-07-30 22:42:00 INFO     Epoch 11/30 | Processed 5120/13171 sequences (38.87%) | Training Loss: 0.016422 | Elapsed Time: 13.06s
2023-07-30 22:42:01 INFO     Epoch 11/30 | Processed 5440/13171 sequences (41.30%) | Training Loss: 0.016054 | Elapsed Time: 13.74s
2023-07-30 22:42:02 INFO     Epoch 11/30 | Processed 5760/13171 sequences (43.73%) | Training Loss: 0.016053 | Elapsed Time: 14.42s
2023-07-30 22:42:02 INFO     Epoch 11/30 | Processed 6080/13171 sequences (46.16%) | Training Loss: 0.016189 | Elapsed Time: 15.10s
2023-07-30 22:42:03 INFO     Epoch 11/30 | Processed 6400/13171 sequences (48.59%) | Training Loss: 0.015678 | Elapsed Time: 15.78s
2023-07-30 22:42:04 INFO     Epoch 11/30 | Processed 6720/13171 sequences (51.02%) | Training Loss: 0.015124 | Elapsed Time: 16.45s
2023-07-30 22:42:05 INFO     Epoch 11/30 | Processed 7040/13171 sequences (53.45%) | Training Loss: 0.015368 | Elapsed Time: 17.50s
2023-07-30 22:42:05 INFO     Epoch 11/30 | Processed 7360/13171 sequences (55.88%) | Training Loss: 0.014802 | Elapsed Time: 18.17s
2023-07-30 22:42:06 INFO     Epoch 11/30 | Processed 7680/13171 sequences (58.31%) | Training Loss: 0.014424 | Elapsed Time: 18.85s
2023-07-30 22:42:08 INFO     Epoch 11/30 | Processed 8000/13171 sequences (60.74%) | Training Loss: 0.014089 | Elapsed Time: 21.18s
2023-07-30 22:42:09 INFO     Epoch 11/30 | Processed 8320/13171 sequences (63.17%) | Training Loss: 0.013626 | Elapsed Time: 22.21s
2023-07-30 22:42:10 INFO     Epoch 11/30 | Processed 8640/13171 sequences (65.60%) | Training Loss: 0.013168 | Elapsed Time: 22.89s
2023-07-30 22:42:11 INFO     Epoch 11/30 | Processed 8960/13171 sequences (68.03%) | Training Loss: 0.012890 | Elapsed Time: 23.57s
2023-07-30 22:42:12 INFO     Epoch 11/30 | Processed 9280/13171 sequences (70.46%) | Training Loss: 0.013274 | Elapsed Time: 24.24s
2023-07-30 22:42:12 INFO     Epoch 11/30 | Processed 9600/13171 sequences (72.89%) | Training Loss: 0.013221 | Elapsed Time: 24.92s
2023-07-30 22:42:13 INFO     Epoch 11/30 | Processed 9920/13171 sequences (75.32%) | Training Loss: 0.013810 | Elapsed Time: 25.60s
2023-07-30 22:42:14 INFO     Epoch 11/30 | Processed 10240/13171 sequences (77.75%) | Training Loss: 0.014320 | Elapsed Time: 26.28s
2023-07-30 22:42:14 INFO     Epoch 11/30 | Processed 10560/13171 sequences (80.18%) | Training Loss: 0.014208 | Elapsed Time: 26.96s
2023-07-30 22:42:15 INFO     Epoch 11/30 | Processed 10880/13171 sequences (82.61%) | Training Loss: 0.013817 | Elapsed Time: 27.64s
2023-07-30 22:42:16 INFO     Epoch 11/30 | Processed 11200/13171 sequences (85.04%) | Training Loss: 0.014137 | Elapsed Time: 28.31s
2023-07-30 22:42:16 INFO     Epoch 11/30 | Processed 11520/13171 sequences (87.46%) | Training Loss: 0.014649 | Elapsed Time: 28.99s
2023-07-30 22:42:17 INFO     Epoch 11/30 | Processed 11840/13171 sequences (89.89%) | Training Loss: 0.015112 | Elapsed Time: 29.66s
2023-07-30 22:42:18 INFO     Epoch 11/30 | Processed 12160/13171 sequences (92.32%) | Training Loss: 0.015777 | Elapsed Time: 30.33s
2023-07-30 22:42:18 INFO     Epoch 11/30 | Processed 12480/13171 sequences (94.75%) | Training Loss: 0.017374 | Elapsed Time: 31.00s
2023-07-30 22:42:19 INFO     Epoch 11/30 | Processed 12800/13171 sequences (97.18%) | Training Loss: 0.018914 | Elapsed Time: 31.68s
2023-07-30 22:42:20 INFO     Epoch 11/30 | Processed 13120/13171 sequences (99.61%) | Training Loss: 0.019724 | Elapsed Time: 32.35s
2023-07-30 22:42:25 INFO     Accuracy: 1.0000
2023-07-30 22:42:25 INFO     Epoch: 11 	Training Loss: 0.019706 	valid Loss: 0.083124 	Epoch Time: 37.88s 	Total Time: 388.39s
2023-07-30 22:42:26 INFO     Epoch 12/30 | Processed 320/13171 sequences (2.43%) | Training Loss: 0.053488 | Elapsed Time: 0.67s
2023-07-30 22:42:26 INFO     Epoch 12/30 | Processed 640/13171 sequences (4.86%) | Training Loss: 0.037387 | Elapsed Time: 1.33s
2023-07-30 22:42:27 INFO     Epoch 12/30 | Processed 960/13171 sequences (7.29%) | Training Loss: 0.032783 | Elapsed Time: 2.00s
2023-07-30 22:42:28 INFO     Epoch 12/30 | Processed 1280/13171 sequences (9.72%) | Training Loss: 0.029861 | Elapsed Time: 2.67s
2023-07-30 22:42:28 INFO     Epoch 12/30 | Processed 1600/13171 sequences (12.15%) | Training Loss: 0.030738 | Elapsed Time: 3.34s
2023-07-30 22:42:29 INFO     Epoch 12/30 | Processed 1920/13171 sequences (14.58%) | Training Loss: 0.029657 | Elapsed Time: 4.01s
2023-07-30 22:42:30 INFO     Epoch 12/30 | Processed 2240/13171 sequences (17.01%) | Training Loss: 0.027949 | Elapsed Time: 4.68s
2023-07-30 22:42:31 INFO     Epoch 12/30 | Processed 2560/13171 sequences (19.44%) | Training Loss: 0.025027 | Elapsed Time: 5.35s
2023-07-30 22:42:31 INFO     Epoch 12/30 | Processed 2880/13171 sequences (21.87%) | Training Loss: 0.022521 | Elapsed Time: 6.03s
2023-07-30 22:42:32 INFO     Epoch 12/30 | Processed 3200/13171 sequences (24.30%) | Training Loss: 0.021248 | Elapsed Time: 6.70s
2023-07-30 22:42:33 INFO     Epoch 12/30 | Processed 3520/13171 sequences (26.73%) | Training Loss: 0.021432 | Elapsed Time: 7.37s
2023-07-30 22:42:33 INFO     Epoch 12/30 | Processed 3840/13171 sequences (29.15%) | Training Loss: 0.020466 | Elapsed Time: 8.04s
2023-07-30 22:42:34 INFO     Epoch 12/30 | Processed 4160/13171 sequences (31.58%) | Training Loss: 0.022485 | Elapsed Time: 8.70s
2023-07-30 22:42:35 INFO     Epoch 12/30 | Processed 4480/13171 sequences (34.01%) | Training Loss: 0.022991 | Elapsed Time: 9.37s
2023-07-30 22:42:35 INFO     Epoch 12/30 | Processed 4800/13171 sequences (36.44%) | Training Loss: 0.023648 | Elapsed Time: 10.04s
2023-07-30 22:42:36 INFO     Epoch 12/30 | Processed 5120/13171 sequences (38.87%) | Training Loss: 0.023460 | Elapsed Time: 10.72s
2023-07-30 22:42:37 INFO     Epoch 12/30 | Processed 5440/13171 sequences (41.30%) | Training Loss: 0.022476 | Elapsed Time: 11.39s
2023-07-30 22:42:37 INFO     Epoch 12/30 | Processed 5760/13171 sequences (43.73%) | Training Loss: 0.022289 | Elapsed Time: 12.06s
2023-07-30 22:42:38 INFO     Epoch 12/30 | Processed 6080/13171 sequences (46.16%) | Training Loss: 0.022855 | Elapsed Time: 12.73s
2023-07-30 22:42:39 INFO     Epoch 12/30 | Processed 6400/13171 sequences (48.59%) | Training Loss: 0.022740 | Elapsed Time: 13.41s
2023-07-30 22:42:39 INFO     Epoch 12/30 | Processed 6720/13171 sequences (51.02%) | Training Loss: 0.022172 | Elapsed Time: 14.08s
2023-07-30 22:42:40 INFO     Epoch 12/30 | Processed 7040/13171 sequences (53.45%) | Training Loss: 0.021764 | Elapsed Time: 14.76s
2023-07-30 22:42:41 INFO     Epoch 12/30 | Processed 7360/13171 sequences (55.88%) | Training Loss: 0.021840 | Elapsed Time: 15.43s
2023-07-30 22:42:41 INFO     Epoch 12/30 | Processed 7680/13171 sequences (58.31%) | Training Loss: 0.021789 | Elapsed Time: 16.11s
2023-07-30 22:42:42 INFO     Epoch 12/30 | Processed 8000/13171 sequences (60.74%) | Training Loss: 0.024690 | Elapsed Time: 16.79s
2023-07-30 22:42:46 INFO     Epoch 12/30 | Processed 8320/13171 sequences (63.17%) | Training Loss: 0.027420 | Elapsed Time: 21.14s
2023-07-30 22:42:51 INFO     Epoch 12/30 | Processed 8640/13171 sequences (65.60%) | Training Loss: 0.028310 | Elapsed Time: 25.53s
2023-07-30 22:42:55 INFO     Epoch 12/30 | Processed 8960/13171 sequences (68.03%) | Training Loss: 0.029541 | Elapsed Time: 29.90s
2023-07-30 22:42:58 INFO     Epoch 12/30 | Processed 9280/13171 sequences (70.46%) | Training Loss: 0.029126 | Elapsed Time: 32.80s
2023-07-30 22:42:59 INFO     Epoch 12/30 | Processed 9600/13171 sequences (72.89%) | Training Loss: 0.029758 | Elapsed Time: 33.47s
2023-07-30 22:42:59 INFO     Epoch 12/30 | Processed 9920/13171 sequences (75.32%) | Training Loss: 0.029805 | Elapsed Time: 34.15s
2023-07-30 22:43:00 INFO     Epoch 12/30 | Processed 10240/13171 sequences (77.75%) | Training Loss: 0.030550 | Elapsed Time: 35.14s
2023-07-30 22:43:02 INFO     Epoch 12/30 | Processed 10560/13171 sequences (80.18%) | Training Loss: 0.030282 | Elapsed Time: 36.56s
2023-07-30 22:43:06 INFO     Epoch 12/30 | Processed 10880/13171 sequences (82.61%) | Training Loss: 0.030380 | Elapsed Time: 40.86s
2023-07-30 22:43:07 INFO     Epoch 12/30 | Processed 11200/13171 sequences (85.04%) | Training Loss: 0.031543 | Elapsed Time: 41.54s
2023-07-30 22:43:07 INFO     Epoch 12/30 | Processed 11520/13171 sequences (87.46%) | Training Loss: 0.032421 | Elapsed Time: 42.21s
2023-07-30 22:43:08 INFO     Epoch 12/30 | Processed 11840/13171 sequences (89.89%) | Training Loss: 0.032472 | Elapsed Time: 42.88s
2023-07-30 22:43:09 INFO     Epoch 12/30 | Processed 12160/13171 sequences (92.32%) | Training Loss: 0.032229 | Elapsed Time: 43.56s
2023-07-30 22:43:09 INFO     Epoch 12/30 | Processed 12480/13171 sequences (94.75%) | Training Loss: 0.032065 | Elapsed Time: 44.23s
2023-07-30 22:43:10 INFO     Epoch 12/30 | Processed 12800/13171 sequences (97.18%) | Training Loss: 0.032924 | Elapsed Time: 44.91s
2023-07-30 22:43:11 INFO     Epoch 12/30 | Processed 13120/13171 sequences (99.61%) | Training Loss: 0.032771 | Elapsed Time: 45.58s
2023-07-30 22:43:15 INFO     Accuracy: 1.0000
2023-07-30 22:43:15 INFO     Epoch: 12 	Training Loss: 0.032666 	valid Loss: 0.116376 	Epoch Time: 50.33s 	Total Time: 438.73s
2023-07-30 22:43:16 INFO     Epoch 13/30 | Processed 320/13171 sequences (2.43%) | Training Loss: 0.028413 | Elapsed Time: 0.67s
2023-07-30 22:43:17 INFO     Epoch 13/30 | Processed 640/13171 sequences (4.86%) | Training Loss: 0.034291 | Elapsed Time: 1.35s
2023-07-30 22:43:18 INFO     Epoch 13/30 | Processed 960/13171 sequences (7.29%) | Training Loss: 0.044117 | Elapsed Time: 2.03s
2023-07-30 22:43:18 INFO     Epoch 13/30 | Processed 1280/13171 sequences (9.72%) | Training Loss: 0.040273 | Elapsed Time: 2.72s
2023-07-30 22:43:19 INFO     Epoch 13/30 | Processed 1600/13171 sequences (12.15%) | Training Loss: 0.042330 | Elapsed Time: 3.39s
2023-07-30 22:43:20 INFO     Epoch 13/30 | Processed 1920/13171 sequences (14.58%) | Training Loss: 0.040184 | Elapsed Time: 4.07s
2023-07-30 22:43:20 INFO     Epoch 13/30 | Processed 2240/13171 sequences (17.01%) | Training Loss: 0.036563 | Elapsed Time: 4.74s
2023-07-30 22:43:21 INFO     Epoch 13/30 | Processed 2560/13171 sequences (19.44%) | Training Loss: 0.033386 | Elapsed Time: 5.42s
2023-07-30 22:43:22 INFO     Epoch 13/30 | Processed 2880/13171 sequences (21.87%) | Training Loss: 0.031618 | Elapsed Time: 6.28s
2023-07-30 22:43:22 INFO     Epoch 13/30 | Processed 3200/13171 sequences (24.30%) | Training Loss: 0.030307 | Elapsed Time: 6.95s
2023-07-30 22:43:23 INFO     Epoch 13/30 | Processed 3520/13171 sequences (26.73%) | Training Loss: 0.028066 | Elapsed Time: 7.62s
2023-07-30 22:43:24 INFO     Epoch 13/30 | Processed 3840/13171 sequences (29.15%) | Training Loss: 0.029932 | Elapsed Time: 8.30s
2023-07-30 22:43:24 INFO     Epoch 13/30 | Processed 4160/13171 sequences (31.58%) | Training Loss: 0.031580 | Elapsed Time: 8.97s
2023-07-30 22:43:25 INFO     Epoch 13/30 | Processed 4480/13171 sequences (34.01%) | Training Loss: 0.031409 | Elapsed Time: 9.64s
2023-07-30 22:43:26 INFO     Epoch 13/30 | Processed 4800/13171 sequences (36.44%) | Training Loss: 0.030905 | Elapsed Time: 10.31s
2023-07-30 22:43:26 INFO     Epoch 13/30 | Processed 5120/13171 sequences (38.87%) | Training Loss: 0.031771 | Elapsed Time: 10.98s
2023-07-30 22:43:27 INFO     Epoch 13/30 | Processed 5440/13171 sequences (41.30%) | Training Loss: 0.030402 | Elapsed Time: 11.65s
2023-07-30 22:43:28 INFO     Epoch 13/30 | Processed 5760/13171 sequences (43.73%) | Training Loss: 0.032514 | Elapsed Time: 12.33s
2023-07-30 22:43:28 INFO     Epoch 13/30 | Processed 6080/13171 sequences (46.16%) | Training Loss: 0.032507 | Elapsed Time: 13.00s
2023-07-30 22:43:29 INFO     Epoch 13/30 | Processed 6400/13171 sequences (48.59%) | Training Loss: 0.034222 | Elapsed Time: 13.68s
2023-07-30 22:43:30 INFO     Epoch 13/30 | Processed 6720/13171 sequences (51.02%) | Training Loss: 0.035077 | Elapsed Time: 14.36s
2023-07-30 22:43:31 INFO     Epoch 13/30 | Processed 7040/13171 sequences (53.45%) | Training Loss: 0.034528 | Elapsed Time: 15.04s
2023-07-30 22:43:31 INFO     Epoch 13/30 | Processed 7360/13171 sequences (55.88%) | Training Loss: 0.033418 | Elapsed Time: 15.71s
2023-07-30 22:43:32 INFO     Epoch 13/30 | Processed 7680/13171 sequences (58.31%) | Training Loss: 0.032733 | Elapsed Time: 16.39s
2023-07-30 22:43:33 INFO     Epoch 13/30 | Processed 8000/13171 sequences (60.74%) | Training Loss: 0.033012 | Elapsed Time: 17.06s
2023-07-30 22:43:33 INFO     Epoch 13/30 | Processed 8320/13171 sequences (63.17%) | Training Loss: 0.032455 | Elapsed Time: 17.74s
2023-07-30 22:43:34 INFO     Epoch 13/30 | Processed 8640/13171 sequences (65.60%) | Training Loss: 0.031509 | Elapsed Time: 18.41s
2023-07-30 22:43:35 INFO     Epoch 13/30 | Processed 8960/13171 sequences (68.03%) | Training Loss: 0.030518 | Elapsed Time: 19.09s
2023-07-30 22:43:35 INFO     Epoch 13/30 | Processed 9280/13171 sequences (70.46%) | Training Loss: 0.029992 | Elapsed Time: 19.77s
2023-07-30 22:43:37 INFO     Epoch 13/30 | Processed 9600/13171 sequences (72.89%) | Training Loss: 0.029291 | Elapsed Time: 21.81s
2023-07-30 22:43:38 INFO     Epoch 13/30 | Processed 9920/13171 sequences (75.32%) | Training Loss: 0.028628 | Elapsed Time: 22.49s
2023-07-30 22:43:39 INFO     Epoch 13/30 | Processed 10240/13171 sequences (77.75%) | Training Loss: 0.027814 | Elapsed Time: 23.17s
2023-07-30 22:43:39 INFO     Epoch 13/30 | Processed 10560/13171 sequences (80.18%) | Training Loss: 0.027268 | Elapsed Time: 23.84s
2023-07-30 22:43:40 INFO     Epoch 13/30 | Processed 10880/13171 sequences (82.61%) | Training Loss: 0.026802 | Elapsed Time: 24.52s
2023-07-30 22:43:41 INFO     Epoch 13/30 | Processed 11200/13171 sequences (85.04%) | Training Loss: 0.026747 | Elapsed Time: 25.19s
2023-07-30 22:43:41 INFO     Epoch 13/30 | Processed 11520/13171 sequences (87.46%) | Training Loss: 0.027650 | Elapsed Time: 25.87s
2023-07-30 22:43:42 INFO     Epoch 13/30 | Processed 11840/13171 sequences (89.89%) | Training Loss: 0.028163 | Elapsed Time: 26.89s
2023-07-30 22:43:44 INFO     Epoch 13/30 | Processed 12160/13171 sequences (92.32%) | Training Loss: 0.028027 | Elapsed Time: 28.27s
2023-07-30 22:43:44 INFO     Epoch 13/30 | Processed 12480/13171 sequences (94.75%) | Training Loss: 0.028463 | Elapsed Time: 28.94s
2023-07-30 22:43:45 INFO     Epoch 13/30 | Processed 12800/13171 sequences (97.18%) | Training Loss: 0.028085 | Elapsed Time: 29.62s
2023-07-30 22:43:46 INFO     Epoch 13/30 | Processed 13120/13171 sequences (99.61%) | Training Loss: 0.028123 | Elapsed Time: 30.30s
2023-07-30 22:43:51 INFO     Accuracy: 1.0000
2023-07-30 22:43:51 INFO     Epoch: 13 	Training Loss: 0.028073 	valid Loss: 0.123546 	Epoch Time: 35.36s 	Total Time: 474.09s
2023-07-30 22:43:52 INFO     Epoch 14/30 | Processed 320/13171 sequences (2.43%) | Training Loss: 0.059095 | Elapsed Time: 0.67s
2023-07-30 22:43:52 INFO     Epoch 14/30 | Processed 640/13171 sequences (4.86%) | Training Loss: 0.039736 | Elapsed Time: 1.34s
2023-07-30 22:43:53 INFO     Epoch 14/30 | Processed 960/13171 sequences (7.29%) | Training Loss: 0.030554 | Elapsed Time: 2.02s
2023-07-30 22:43:54 INFO     Epoch 14/30 | Processed 1280/13171 sequences (9.72%) | Training Loss: 0.034440 | Elapsed Time: 2.68s
2023-07-30 22:43:54 INFO     Epoch 14/30 | Processed 1600/13171 sequences (12.15%) | Training Loss: 0.033420 | Elapsed Time: 3.35s
2023-07-30 22:43:55 INFO     Epoch 14/30 | Processed 1920/13171 sequences (14.58%) | Training Loss: 0.034873 | Elapsed Time: 4.03s
2023-07-30 22:43:56 INFO     Epoch 14/30 | Processed 2240/13171 sequences (17.01%) | Training Loss: 0.032929 | Elapsed Time: 4.69s
2023-07-30 22:43:56 INFO     Epoch 14/30 | Processed 2560/13171 sequences (19.44%) | Training Loss: 0.032639 | Elapsed Time: 5.36s
2023-07-30 22:43:57 INFO     Epoch 14/30 | Processed 2880/13171 sequences (21.87%) | Training Loss: 0.031810 | Elapsed Time: 6.03s
2023-07-30 22:43:58 INFO     Epoch 14/30 | Processed 3200/13171 sequences (24.30%) | Training Loss: 0.030270 | Elapsed Time: 6.70s
2023-07-30 22:43:58 INFO     Epoch 14/30 | Processed 3520/13171 sequences (26.73%) | Training Loss: 0.032281 | Elapsed Time: 7.37s
2023-07-30 22:43:59 INFO     Epoch 14/30 | Processed 3840/13171 sequences (29.15%) | Training Loss: 0.030055 | Elapsed Time: 8.04s
2023-07-30 22:44:00 INFO     Epoch 14/30 | Processed 4160/13171 sequences (31.58%) | Training Loss: 0.028412 | Elapsed Time: 8.92s
2023-07-30 22:44:00 INFO     Epoch 14/30 | Processed 4480/13171 sequences (34.01%) | Training Loss: 0.028580 | Elapsed Time: 9.59s
2023-07-30 22:44:01 INFO     Epoch 14/30 | Processed 4800/13171 sequences (36.44%) | Training Loss: 0.029419 | Elapsed Time: 10.27s
2023-07-30 22:44:02 INFO     Epoch 14/30 | Processed 5120/13171 sequences (38.87%) | Training Loss: 0.028743 | Elapsed Time: 10.94s
2023-07-30 22:44:02 INFO     Epoch 14/30 | Processed 5440/13171 sequences (41.30%) | Training Loss: 0.028666 | Elapsed Time: 11.61s
2023-07-30 22:44:03 INFO     Epoch 14/30 | Processed 5760/13171 sequences (43.73%) | Training Loss: 0.030034 | Elapsed Time: 12.28s
2023-07-30 22:44:04 INFO     Epoch 14/30 | Processed 6080/13171 sequences (46.16%) | Training Loss: 0.029735 | Elapsed Time: 12.95s
2023-07-30 22:44:04 INFO     Epoch 14/30 | Processed 6400/13171 sequences (48.59%) | Training Loss: 0.028434 | Elapsed Time: 13.62s
2023-07-30 22:44:05 INFO     Epoch 14/30 | Processed 6720/13171 sequences (51.02%) | Training Loss: 0.029095 | Elapsed Time: 14.29s
2023-07-30 22:44:06 INFO     Epoch 14/30 | Processed 7040/13171 sequences (53.45%) | Training Loss: 0.028089 | Elapsed Time: 14.96s
2023-07-30 22:44:06 INFO     Epoch 14/30 | Processed 7360/13171 sequences (55.88%) | Training Loss: 0.027473 | Elapsed Time: 15.63s
2023-07-30 22:44:07 INFO     Epoch 14/30 | Processed 7680/13171 sequences (58.31%) | Training Loss: 0.028710 | Elapsed Time: 16.31s
2023-07-30 22:44:08 INFO     Epoch 14/30 | Processed 8000/13171 sequences (60.74%) | Training Loss: 0.030908 | Elapsed Time: 16.98s
2023-07-30 22:44:09 INFO     Epoch 14/30 | Processed 8320/13171 sequences (63.17%) | Training Loss: 0.032675 | Elapsed Time: 17.66s
2023-07-30 22:44:09 INFO     Epoch 14/30 | Processed 8640/13171 sequences (65.60%) | Training Loss: 0.033083 | Elapsed Time: 18.33s
2023-07-30 22:44:10 INFO     Epoch 14/30 | Processed 8960/13171 sequences (68.03%) | Training Loss: 0.032642 | Elapsed Time: 19.01s
2023-07-30 22:44:11 INFO     Epoch 14/30 | Processed 9280/13171 sequences (70.46%) | Training Loss: 0.032574 | Elapsed Time: 19.68s
2023-07-30 22:44:11 INFO     Epoch 14/30 | Processed 9600/13171 sequences (72.89%) | Training Loss: 0.034179 | Elapsed Time: 20.35s
2023-07-30 22:44:12 INFO     Epoch 14/30 | Processed 9920/13171 sequences (75.32%) | Training Loss: 0.034113 | Elapsed Time: 21.02s
2023-07-30 22:44:13 INFO     Epoch 14/30 | Processed 10240/13171 sequences (77.75%) | Training Loss: 0.035799 | Elapsed Time: 21.69s
2023-07-30 22:44:13 INFO     Epoch 14/30 | Processed 10560/13171 sequences (80.18%) | Training Loss: 0.035893 | Elapsed Time: 22.36s
2023-07-30 22:44:14 INFO     Epoch 14/30 | Processed 10880/13171 sequences (82.61%) | Training Loss: 0.035065 | Elapsed Time: 23.04s
2023-07-30 22:44:15 INFO     Epoch 14/30 | Processed 11200/13171 sequences (85.04%) | Training Loss: 0.034292 | Elapsed Time: 23.71s
2023-07-30 22:44:15 INFO     Epoch 14/30 | Processed 11520/13171 sequences (87.46%) | Training Loss: 0.035676 | Elapsed Time: 24.38s
2023-07-30 22:44:16 INFO     Epoch 14/30 | Processed 11840/13171 sequences (89.89%) | Training Loss: 0.036105 | Elapsed Time: 25.05s
2023-07-30 22:44:17 INFO     Epoch 14/30 | Processed 12160/13171 sequences (92.32%) | Training Loss: 0.035770 | Elapsed Time: 25.72s
2023-07-30 22:44:17 INFO     Epoch 14/30 | Processed 12480/13171 sequences (94.75%) | Training Loss: 0.035268 | Elapsed Time: 26.39s
2023-07-30 22:44:18 INFO     Epoch 14/30 | Processed 12800/13171 sequences (97.18%) | Training Loss: 0.035133 | Elapsed Time: 27.07s
2023-07-30 22:44:19 INFO     Epoch 14/30 | Processed 13120/13171 sequences (99.61%) | Training Loss: 0.034757 | Elapsed Time: 27.75s
2023-07-30 22:44:23 INFO     Accuracy: 1.0000
2023-07-30 22:44:23 INFO     Epoch: 14 	Training Loss: 0.034662 	valid Loss: 0.092933 	Epoch Time: 32.50s 	Total Time: 506.59s
2023-07-30 22:44:24 INFO     Epoch 15/30 | Processed 320/13171 sequences (2.43%) | Training Loss: 0.011634 | Elapsed Time: 0.67s
2023-07-30 22:44:25 INFO     Epoch 15/30 | Processed 640/13171 sequences (4.86%) | Training Loss: 0.007778 | Elapsed Time: 1.33s
2023-07-30 22:44:25 INFO     Epoch 15/30 | Processed 960/13171 sequences (7.29%) | Training Loss: 0.015184 | Elapsed Time: 2.00s
2023-07-30 22:44:26 INFO     Epoch 15/30 | Processed 1280/13171 sequences (9.72%) | Training Loss: 0.013883 | Elapsed Time: 2.67s
2023-07-30 22:44:27 INFO     Epoch 15/30 | Processed 1600/13171 sequences (12.15%) | Training Loss: 0.015164 | Elapsed Time: 3.33s
2023-07-30 22:44:27 INFO     Epoch 15/30 | Processed 1920/13171 sequences (14.58%) | Training Loss: 0.018057 | Elapsed Time: 4.00s
2023-07-30 22:44:28 INFO     Epoch 15/30 | Processed 2240/13171 sequences (17.01%) | Training Loss: 0.019576 | Elapsed Time: 4.67s
2023-07-30 22:44:29 INFO     Epoch 15/30 | Processed 2560/13171 sequences (19.44%) | Training Loss: 0.019461 | Elapsed Time: 5.34s
2023-07-30 22:44:29 INFO     Epoch 15/30 | Processed 2880/13171 sequences (21.87%) | Training Loss: 0.019842 | Elapsed Time: 6.01s
2023-07-30 22:44:30 INFO     Epoch 15/30 | Processed 3200/13171 sequences (24.30%) | Training Loss: 0.022753 | Elapsed Time: 6.68s
2023-07-30 22:44:31 INFO     Epoch 15/30 | Processed 3520/13171 sequences (26.73%) | Training Loss: 0.022796 | Elapsed Time: 7.35s
2023-07-30 22:44:31 INFO     Epoch 15/30 | Processed 3840/13171 sequences (29.15%) | Training Loss: 0.021701 | Elapsed Time: 8.01s
2023-07-30 22:44:32 INFO     Epoch 15/30 | Processed 4160/13171 sequences (31.58%) | Training Loss: 0.020747 | Elapsed Time: 8.69s
2023-07-30 22:44:33 INFO     Epoch 15/30 | Processed 4480/13171 sequences (34.01%) | Training Loss: 0.019779 | Elapsed Time: 9.36s
2023-07-30 22:44:33 INFO     Epoch 15/30 | Processed 4800/13171 sequences (36.44%) | Training Loss: 0.019354 | Elapsed Time: 10.03s
2023-07-30 22:44:34 INFO     Epoch 15/30 | Processed 5120/13171 sequences (38.87%) | Training Loss: 0.020274 | Elapsed Time: 10.71s
2023-07-30 22:44:35 INFO     Epoch 15/30 | Processed 5440/13171 sequences (41.30%) | Training Loss: 0.019338 | Elapsed Time: 11.39s
2023-07-30 22:44:35 INFO     Epoch 15/30 | Processed 5760/13171 sequences (43.73%) | Training Loss: 0.020374 | Elapsed Time: 12.06s
2023-07-30 22:44:36 INFO     Epoch 15/30 | Processed 6080/13171 sequences (46.16%) | Training Loss: 0.019473 | Elapsed Time: 12.74s
2023-07-30 22:44:37 INFO     Epoch 15/30 | Processed 6400/13171 sequences (48.59%) | Training Loss: 0.018812 | Elapsed Time: 13.41s
2023-07-30 22:44:37 INFO     Epoch 15/30 | Processed 6720/13171 sequences (51.02%) | Training Loss: 0.018544 | Elapsed Time: 14.09s
2023-07-30 22:44:41 INFO     Epoch 15/30 | Processed 7040/13171 sequences (53.45%) | Training Loss: 0.017735 | Elapsed Time: 17.69s
2023-07-30 22:44:45 INFO     Epoch 15/30 | Processed 7360/13171 sequences (55.88%) | Training Loss: 0.017039 | Elapsed Time: 22.01s
2023-07-30 22:44:50 INFO     Epoch 15/30 | Processed 7680/13171 sequences (58.31%) | Training Loss: 0.017028 | Elapsed Time: 26.38s
2023-07-30 22:44:54 INFO     Epoch 15/30 | Processed 8000/13171 sequences (60.74%) | Training Loss: 0.016469 | Elapsed Time: 30.72s
2023-07-30 22:44:58 INFO     Epoch 15/30 | Processed 8320/13171 sequences (63.17%) | Training Loss: 0.015892 | Elapsed Time: 35.10s
2023-07-30 22:45:03 INFO     Epoch 15/30 | Processed 8640/13171 sequences (65.60%) | Training Loss: 0.016102 | Elapsed Time: 39.45s
2023-07-30 22:45:06 INFO     Epoch 15/30 | Processed 8960/13171 sequences (68.03%) | Training Loss: 0.015890 | Elapsed Time: 42.21s
2023-07-30 22:45:06 INFO     Epoch 15/30 | Processed 9280/13171 sequences (70.46%) | Training Loss: 0.015652 | Elapsed Time: 42.89s
2023-07-30 22:45:07 INFO     Epoch 15/30 | Processed 9600/13171 sequences (72.89%) | Training Loss: 0.017603 | Elapsed Time: 43.56s
2023-07-30 22:45:08 INFO     Epoch 15/30 | Processed 9920/13171 sequences (75.32%) | Training Loss: 0.019239 | Elapsed Time: 44.24s
2023-07-30 22:45:08 INFO     Epoch 15/30 | Processed 10240/13171 sequences (77.75%) | Training Loss: 0.020209 | Elapsed Time: 44.91s
2023-07-30 22:45:09 INFO     Epoch 15/30 | Processed 10560/13171 sequences (80.18%) | Training Loss: 0.020491 | Elapsed Time: 45.59s
2023-07-30 22:45:10 INFO     Epoch 15/30 | Processed 10880/13171 sequences (82.61%) | Training Loss: 0.020404 | Elapsed Time: 46.26s
2023-07-30 22:45:10 INFO     Epoch 15/30 | Processed 11200/13171 sequences (85.04%) | Training Loss: 0.020085 | Elapsed Time: 46.92s
2023-07-30 22:45:11 INFO     Epoch 15/30 | Processed 11520/13171 sequences (87.46%) | Training Loss: 0.019880 | Elapsed Time: 47.59s
2023-07-30 22:45:12 INFO     Epoch 15/30 | Processed 11840/13171 sequences (89.89%) | Training Loss: 0.020583 | Elapsed Time: 48.25s
2023-07-30 22:45:12 INFO     Epoch 15/30 | Processed 12160/13171 sequences (92.32%) | Training Loss: 0.021118 | Elapsed Time: 48.92s
2023-07-30 22:45:13 INFO     Epoch 15/30 | Processed 12480/13171 sequences (94.75%) | Training Loss: 0.021177 | Elapsed Time: 49.59s
2023-07-30 22:45:14 INFO     Epoch 15/30 | Processed 12800/13171 sequences (97.18%) | Training Loss: 0.022645 | Elapsed Time: 50.27s
2023-07-30 22:45:14 INFO     Epoch 15/30 | Processed 13120/13171 sequences (99.61%) | Training Loss: 0.023348 | Elapsed Time: 50.94s
2023-07-30 22:45:19 INFO     Accuracy: 1.0000
2023-07-30 22:45:19 INFO     Epoch: 15 	Training Loss: 0.023268 	valid Loss: 0.097201 	Epoch Time: 55.70s 	Total Time: 562.29s
2023-07-30 22:45:20 INFO     Epoch 16/30 | Processed 320/13171 sequences (2.43%) | Training Loss: 0.007590 | Elapsed Time: 0.68s
2023-07-30 22:45:20 INFO     Epoch 16/30 | Processed 640/13171 sequences (4.86%) | Training Loss: 0.024385 | Elapsed Time: 1.34s
2023-07-30 22:45:21 INFO     Epoch 16/30 | Processed 960/13171 sequences (7.29%) | Training Loss: 0.023046 | Elapsed Time: 2.01s
2023-07-30 22:45:22 INFO     Epoch 16/30 | Processed 1280/13171 sequences (9.72%) | Training Loss: 0.027687 | Elapsed Time: 2.68s
2023-07-30 22:45:22 INFO     Epoch 16/30 | Processed 1600/13171 sequences (12.15%) | Training Loss: 0.023099 | Elapsed Time: 3.36s
2023-07-30 22:45:23 INFO     Epoch 16/30 | Processed 1920/13171 sequences (14.58%) | Training Loss: 0.022829 | Elapsed Time: 4.03s
2023-07-30 22:45:24 INFO     Epoch 16/30 | Processed 2240/13171 sequences (17.01%) | Training Loss: 0.023030 | Elapsed Time: 4.69s
2023-07-30 22:45:24 INFO     Epoch 16/30 | Processed 2560/13171 sequences (19.44%) | Training Loss: 0.022040 | Elapsed Time: 5.36s
2023-07-30 22:45:25 INFO     Epoch 16/30 | Processed 2880/13171 sequences (21.87%) | Training Loss: 0.020376 | Elapsed Time: 6.03s
2023-07-30 22:45:26 INFO     Epoch 16/30 | Processed 3200/13171 sequences (24.30%) | Training Loss: 0.020137 | Elapsed Time: 6.70s
2023-07-30 22:45:26 INFO     Epoch 16/30 | Processed 3520/13171 sequences (26.73%) | Training Loss: 0.020942 | Elapsed Time: 7.37s
2023-07-30 22:45:27 INFO     Epoch 16/30 | Processed 3840/13171 sequences (29.15%) | Training Loss: 0.020288 | Elapsed Time: 8.04s
2023-07-30 22:45:28 INFO     Epoch 16/30 | Processed 4160/13171 sequences (31.58%) | Training Loss: 0.020363 | Elapsed Time: 8.71s
2023-07-30 22:45:28 INFO     Epoch 16/30 | Processed 4480/13171 sequences (34.01%) | Training Loss: 0.021862 | Elapsed Time: 9.39s
2023-07-30 22:45:29 INFO     Epoch 16/30 | Processed 4800/13171 sequences (36.44%) | Training Loss: 0.022301 | Elapsed Time: 10.06s
2023-07-30 22:45:30 INFO     Epoch 16/30 | Processed 5120/13171 sequences (38.87%) | Training Loss: 0.021700 | Elapsed Time: 10.73s
2023-07-30 22:45:30 INFO     Epoch 16/30 | Processed 5440/13171 sequences (41.30%) | Training Loss: 0.021820 | Elapsed Time: 11.41s
2023-07-30 22:45:31 INFO     Epoch 16/30 | Processed 5760/13171 sequences (43.73%) | Training Loss: 0.022181 | Elapsed Time: 12.08s
2023-07-30 22:45:32 INFO     Epoch 16/30 | Processed 6080/13171 sequences (46.16%) | Training Loss: 0.022209 | Elapsed Time: 12.75s
2023-07-30 22:45:32 INFO     Epoch 16/30 | Processed 6400/13171 sequences (48.59%) | Training Loss: 0.021443 | Elapsed Time: 13.43s
2023-07-30 22:45:33 INFO     Epoch 16/30 | Processed 6720/13171 sequences (51.02%) | Training Loss: 0.021028 | Elapsed Time: 14.10s
2023-07-30 22:45:34 INFO     Epoch 16/30 | Processed 7040/13171 sequences (53.45%) | Training Loss: 0.021614 | Elapsed Time: 14.77s
2023-07-30 22:45:34 INFO     Epoch 16/30 | Processed 7360/13171 sequences (55.88%) | Training Loss: 0.021400 | Elapsed Time: 15.44s
2023-07-30 22:45:35 INFO     Epoch 16/30 | Processed 7680/13171 sequences (58.31%) | Training Loss: 0.021006 | Elapsed Time: 16.11s
2023-07-30 22:45:36 INFO     Epoch 16/30 | Processed 8000/13171 sequences (60.74%) | Training Loss: 0.021067 | Elapsed Time: 16.78s
2023-07-30 22:45:37 INFO     Epoch 16/30 | Processed 8320/13171 sequences (63.17%) | Training Loss: 0.020844 | Elapsed Time: 17.45s
2023-07-30 22:45:37 INFO     Epoch 16/30 | Processed 8640/13171 sequences (65.60%) | Training Loss: 0.020445 | Elapsed Time: 18.12s
2023-07-30 22:45:38 INFO     Epoch 16/30 | Processed 8960/13171 sequences (68.03%) | Training Loss: 0.020745 | Elapsed Time: 18.78s
2023-07-30 22:45:39 INFO     Epoch 16/30 | Processed 9280/13171 sequences (70.46%) | Training Loss: 0.020502 | Elapsed Time: 19.46s
2023-07-30 22:45:39 INFO     Epoch 16/30 | Processed 9600/13171 sequences (72.89%) | Training Loss: 0.020168 | Elapsed Time: 20.12s
2023-07-30 22:45:40 INFO     Epoch 16/30 | Processed 9920/13171 sequences (75.32%) | Training Loss: 0.019701 | Elapsed Time: 20.79s
2023-07-30 22:45:41 INFO     Epoch 16/30 | Processed 10240/13171 sequences (77.75%) | Training Loss: 0.019462 | Elapsed Time: 21.47s
2023-07-30 22:45:41 INFO     Epoch 16/30 | Processed 10560/13171 sequences (80.18%) | Training Loss: 0.019148 | Elapsed Time: 22.14s
2023-07-30 22:45:42 INFO     Epoch 16/30 | Processed 10880/13171 sequences (82.61%) | Training Loss: 0.018821 | Elapsed Time: 22.81s
2023-07-30 22:45:43 INFO     Epoch 16/30 | Processed 11200/13171 sequences (85.04%) | Training Loss: 0.018438 | Elapsed Time: 23.48s
2023-07-30 22:45:43 INFO     Epoch 16/30 | Processed 11520/13171 sequences (87.46%) | Training Loss: 0.017931 | Elapsed Time: 24.15s
2023-07-30 22:45:44 INFO     Epoch 16/30 | Processed 11840/13171 sequences (89.89%) | Training Loss: 0.017704 | Elapsed Time: 24.81s
2023-07-30 22:45:45 INFO     Epoch 16/30 | Processed 12160/13171 sequences (92.32%) | Training Loss: 0.017267 | Elapsed Time: 25.48s
2023-07-30 22:45:45 INFO     Epoch 16/30 | Processed 12480/13171 sequences (94.75%) | Training Loss: 0.016868 | Elapsed Time: 26.15s
2023-07-30 22:45:46 INFO     Epoch 16/30 | Processed 12800/13171 sequences (97.18%) | Training Loss: 0.016465 | Elapsed Time: 26.82s
2023-07-30 22:45:47 INFO     Epoch 16/30 | Processed 13120/13171 sequences (99.61%) | Training Loss: 0.016090 | Elapsed Time: 27.49s
2023-07-30 22:45:51 INFO     Accuracy: 1.0000
2023-07-30 22:45:51 INFO     Epoch: 16 	Training Loss: 0.016029 	valid Loss: 0.082412 	Epoch Time: 32.27s 	Total Time: 594.55s
2023-07-30 22:45:52 INFO     Epoch 17/30 | Processed 320/13171 sequences (2.43%) | Training Loss: 0.000534 | Elapsed Time: 0.67s
2023-07-30 22:45:53 INFO     Epoch 17/30 | Processed 640/13171 sequences (4.86%) | Training Loss: 0.004769 | Elapsed Time: 1.34s
2023-07-30 22:45:53 INFO     Epoch 17/30 | Processed 960/13171 sequences (7.29%) | Training Loss: 0.003977 | Elapsed Time: 2.01s
2023-07-30 22:45:54 INFO     Epoch 17/30 | Processed 1280/13171 sequences (9.72%) | Training Loss: 0.004905 | Elapsed Time: 2.68s
2023-07-30 22:45:55 INFO     Epoch 17/30 | Processed 1600/13171 sequences (12.15%) | Training Loss: 0.006782 | Elapsed Time: 3.35s
2023-07-30 22:45:55 INFO     Epoch 17/30 | Processed 1920/13171 sequences (14.58%) | Training Loss: 0.005688 | Elapsed Time: 4.03s
2023-07-30 22:45:56 INFO     Epoch 17/30 | Processed 2240/13171 sequences (17.01%) | Training Loss: 0.007450 | Elapsed Time: 4.69s
2023-07-30 22:45:57 INFO     Epoch 17/30 | Processed 2560/13171 sequences (19.44%) | Training Loss: 0.007579 | Elapsed Time: 5.36s
2023-07-30 22:45:57 INFO     Epoch 17/30 | Processed 2880/13171 sequences (21.87%) | Training Loss: 0.011624 | Elapsed Time: 6.03s
2023-07-30 22:45:58 INFO     Epoch 17/30 | Processed 3200/13171 sequences (24.30%) | Training Loss: 0.011701 | Elapsed Time: 6.70s
2023-07-30 22:45:59 INFO     Epoch 17/30 | Processed 3520/13171 sequences (26.73%) | Training Loss: 0.011900 | Elapsed Time: 7.38s
2023-07-30 22:45:59 INFO     Epoch 17/30 | Processed 3840/13171 sequences (29.15%) | Training Loss: 0.013022 | Elapsed Time: 8.05s
2023-07-30 22:46:00 INFO     Epoch 17/30 | Processed 4160/13171 sequences (31.58%) | Training Loss: 0.012446 | Elapsed Time: 8.73s
2023-07-30 22:46:01 INFO     Epoch 17/30 | Processed 4480/13171 sequences (34.01%) | Training Loss: 0.011729 | Elapsed Time: 9.40s
2023-07-30 22:46:01 INFO     Epoch 17/30 | Processed 4800/13171 sequences (36.44%) | Training Loss: 0.012689 | Elapsed Time: 10.08s
2023-07-30 22:46:02 INFO     Epoch 17/30 | Processed 5120/13171 sequences (38.87%) | Training Loss: 0.012542 | Elapsed Time: 10.75s
2023-07-30 22:46:03 INFO     Epoch 17/30 | Processed 5440/13171 sequences (41.30%) | Training Loss: 0.012817 | Elapsed Time: 11.43s
2023-07-30 22:46:03 INFO     Epoch 17/30 | Processed 5760/13171 sequences (43.73%) | Training Loss: 0.012307 | Elapsed Time: 12.10s
2023-07-30 22:46:04 INFO     Epoch 17/30 | Processed 6080/13171 sequences (46.16%) | Training Loss: 0.011824 | Elapsed Time: 12.78s
2023-07-30 22:46:05 INFO     Epoch 17/30 | Processed 6400/13171 sequences (48.59%) | Training Loss: 0.011625 | Elapsed Time: 13.44s
2023-07-30 22:46:05 INFO     Epoch 17/30 | Processed 6720/13171 sequences (51.02%) | Training Loss: 0.012356 | Elapsed Time: 14.11s
2023-07-30 22:46:06 INFO     Epoch 17/30 | Processed 7040/13171 sequences (53.45%) | Training Loss: 0.011921 | Elapsed Time: 14.78s
2023-07-30 22:46:08 INFO     Epoch 17/30 | Processed 7360/13171 sequences (55.88%) | Training Loss: 0.011629 | Elapsed Time: 16.20s
2023-07-30 22:46:08 INFO     Epoch 17/30 | Processed 7680/13171 sequences (58.31%) | Training Loss: 0.012231 | Elapsed Time: 16.86s
2023-07-30 22:46:09 INFO     Epoch 17/30 | Processed 8000/13171 sequences (60.74%) | Training Loss: 0.012711 | Elapsed Time: 17.53s
2023-07-30 22:46:10 INFO     Epoch 17/30 | Processed 8320/13171 sequences (63.17%) | Training Loss: 0.012367 | Elapsed Time: 18.21s
2023-07-30 22:46:10 INFO     Epoch 17/30 | Processed 8640/13171 sequences (65.60%) | Training Loss: 0.013215 | Elapsed Time: 18.88s
2023-07-30 22:46:11 INFO     Epoch 17/30 | Processed 8960/13171 sequences (68.03%) | Training Loss: 0.013164 | Elapsed Time: 19.56s
2023-07-30 22:46:12 INFO     Epoch 17/30 | Processed 9280/13171 sequences (70.46%) | Training Loss: 0.012930 | Elapsed Time: 20.23s
2023-07-30 22:46:12 INFO     Epoch 17/30 | Processed 9600/13171 sequences (72.89%) | Training Loss: 0.012920 | Elapsed Time: 20.90s
2023-07-30 22:46:13 INFO     Epoch 17/30 | Processed 9920/13171 sequences (75.32%) | Training Loss: 0.013901 | Elapsed Time: 21.57s
2023-07-30 22:46:14 INFO     Epoch 17/30 | Processed 10240/13171 sequences (77.75%) | Training Loss: 0.013630 | Elapsed Time: 22.24s
2023-07-30 22:46:14 INFO     Epoch 17/30 | Processed 10560/13171 sequences (80.18%) | Training Loss: 0.013598 | Elapsed Time: 22.91s
2023-07-30 22:46:15 INFO     Epoch 17/30 | Processed 10880/13171 sequences (82.61%) | Training Loss: 0.013980 | Elapsed Time: 23.57s
2023-07-30 22:46:16 INFO     Epoch 17/30 | Processed 11200/13171 sequences (85.04%) | Training Loss: 0.013861 | Elapsed Time: 24.25s
2023-07-30 22:46:16 INFO     Epoch 17/30 | Processed 11520/13171 sequences (87.46%) | Training Loss: 0.014481 | Elapsed Time: 24.92s
2023-07-30 22:46:17 INFO     Epoch 17/30 | Processed 11840/13171 sequences (89.89%) | Training Loss: 0.015182 | Elapsed Time: 25.60s
2023-07-30 22:46:18 INFO     Epoch 17/30 | Processed 12160/13171 sequences (92.32%) | Training Loss: 0.014976 | Elapsed Time: 26.26s
2023-07-30 22:46:18 INFO     Epoch 17/30 | Processed 12480/13171 sequences (94.75%) | Training Loss: 0.015265 | Elapsed Time: 26.92s
2023-07-30 22:46:19 INFO     Epoch 17/30 | Processed 12800/13171 sequences (97.18%) | Training Loss: 0.015797 | Elapsed Time: 27.60s
2023-07-30 22:46:20 INFO     Epoch 17/30 | Processed 13120/13171 sequences (99.61%) | Training Loss: 0.016187 | Elapsed Time: 28.27s
2023-07-30 22:46:24 INFO     Accuracy: 1.0000
2023-07-30 22:46:24 INFO     Epoch: 17 	Training Loss: 0.016142 	valid Loss: 0.107752 	Epoch Time: 33.02s 	Total Time: 627.57s
2023-07-30 22:46:25 INFO     Epoch 18/30 | Processed 320/13171 sequences (2.43%) | Training Loss: 0.025950 | Elapsed Time: 0.67s
2023-07-30 22:46:26 INFO     Epoch 18/30 | Processed 640/13171 sequences (4.86%) | Training Loss: 0.030994 | Elapsed Time: 1.34s
2023-07-30 22:46:26 INFO     Epoch 18/30 | Processed 960/13171 sequences (7.29%) | Training Loss: 0.029694 | Elapsed Time: 2.01s
2023-07-30 22:46:27 INFO     Epoch 18/30 | Processed 1280/13171 sequences (9.72%) | Training Loss: 0.025942 | Elapsed Time: 2.68s
2023-07-30 22:46:28 INFO     Epoch 18/30 | Processed 1600/13171 sequences (12.15%) | Training Loss: 0.028904 | Elapsed Time: 3.35s
2023-07-30 22:46:28 INFO     Epoch 18/30 | Processed 1920/13171 sequences (14.58%) | Training Loss: 0.031454 | Elapsed Time: 4.02s
2023-07-30 22:46:29 INFO     Epoch 18/30 | Processed 2240/13171 sequences (17.01%) | Training Loss: 0.029415 | Elapsed Time: 4.70s
2023-07-30 22:46:30 INFO     Epoch 18/30 | Processed 2560/13171 sequences (19.44%) | Training Loss: 0.027603 | Elapsed Time: 5.37s
2023-07-30 22:46:30 INFO     Epoch 18/30 | Processed 2880/13171 sequences (21.87%) | Training Loss: 0.028402 | Elapsed Time: 6.07s
2023-07-30 22:46:31 INFO     Epoch 18/30 | Processed 3200/13171 sequences (24.30%) | Training Loss: 0.030004 | Elapsed Time: 6.74s
2023-07-30 22:46:32 INFO     Epoch 18/30 | Processed 3520/13171 sequences (26.73%) | Training Loss: 0.031039 | Elapsed Time: 7.42s
2023-07-30 22:46:32 INFO     Epoch 18/30 | Processed 3840/13171 sequences (29.15%) | Training Loss: 0.034665 | Elapsed Time: 8.09s
2023-07-30 22:46:33 INFO     Epoch 18/30 | Processed 4160/13171 sequences (31.58%) | Training Loss: 0.034152 | Elapsed Time: 8.77s
2023-07-30 22:46:34 INFO     Epoch 18/30 | Processed 4480/13171 sequences (34.01%) | Training Loss: 0.034026 | Elapsed Time: 9.45s
2023-07-30 22:46:34 INFO     Epoch 18/30 | Processed 4800/13171 sequences (36.44%) | Training Loss: 0.032826 | Elapsed Time: 10.12s
2023-07-30 22:46:35 INFO     Epoch 18/30 | Processed 5120/13171 sequences (38.87%) | Training Loss: 0.030845 | Elapsed Time: 10.80s
2023-07-30 22:46:36 INFO     Epoch 18/30 | Processed 5440/13171 sequences (41.30%) | Training Loss: 0.029635 | Elapsed Time: 11.47s
2023-07-30 22:46:36 INFO     Epoch 18/30 | Processed 5760/13171 sequences (43.73%) | Training Loss: 0.028110 | Elapsed Time: 12.15s
2023-07-30 22:46:37 INFO     Epoch 18/30 | Processed 6080/13171 sequences (46.16%) | Training Loss: 0.027644 | Elapsed Time: 12.82s
2023-07-30 22:46:38 INFO     Epoch 18/30 | Processed 6400/13171 sequences (48.59%) | Training Loss: 0.026725 | Elapsed Time: 13.49s
2023-07-30 22:46:39 INFO     Epoch 18/30 | Processed 6720/13171 sequences (51.02%) | Training Loss: 0.027151 | Elapsed Time: 14.17s
2023-07-30 22:46:39 INFO     Epoch 18/30 | Processed 7040/13171 sequences (53.45%) | Training Loss: 0.026698 | Elapsed Time: 14.84s
2023-07-30 22:46:40 INFO     Epoch 18/30 | Processed 7360/13171 sequences (55.88%) | Training Loss: 0.027130 | Elapsed Time: 15.51s
2023-07-30 22:46:41 INFO     Epoch 18/30 | Processed 7680/13171 sequences (58.31%) | Training Loss: 0.027162 | Elapsed Time: 16.19s
2023-07-30 22:46:41 INFO     Epoch 18/30 | Processed 8000/13171 sequences (60.74%) | Training Loss: 0.026143 | Elapsed Time: 16.86s
2023-07-30 22:46:42 INFO     Epoch 18/30 | Processed 8320/13171 sequences (63.17%) | Training Loss: 0.025661 | Elapsed Time: 17.53s
2023-07-30 22:46:43 INFO     Epoch 18/30 | Processed 8640/13171 sequences (65.60%) | Training Loss: 0.025079 | Elapsed Time: 18.20s
2023-07-30 22:46:43 INFO     Epoch 18/30 | Processed 8960/13171 sequences (68.03%) | Training Loss: 0.024916 | Elapsed Time: 18.87s
2023-07-30 22:46:44 INFO     Epoch 18/30 | Processed 9280/13171 sequences (70.46%) | Training Loss: 0.024975 | Elapsed Time: 19.55s
2023-07-30 22:46:45 INFO     Epoch 18/30 | Processed 9600/13171 sequences (72.89%) | Training Loss: 0.027480 | Elapsed Time: 20.22s
2023-07-30 22:46:45 INFO     Epoch 18/30 | Processed 9920/13171 sequences (75.32%) | Training Loss: 0.027326 | Elapsed Time: 20.90s
2023-07-30 22:46:46 INFO     Epoch 18/30 | Processed 10240/13171 sequences (77.75%) | Training Loss: 0.027427 | Elapsed Time: 21.57s
2023-07-30 22:46:47 INFO     Epoch 18/30 | Processed 10560/13171 sequences (80.18%) | Training Loss: 0.026974 | Elapsed Time: 22.24s
2023-07-30 22:46:47 INFO     Epoch 18/30 | Processed 10880/13171 sequences (82.61%) | Training Loss: 0.026822 | Elapsed Time: 22.91s
2023-07-30 22:46:48 INFO     Epoch 18/30 | Processed 11200/13171 sequences (85.04%) | Training Loss: 0.026555 | Elapsed Time: 23.58s
2023-07-30 22:46:49 INFO     Epoch 18/30 | Processed 11520/13171 sequences (87.46%) | Training Loss: 0.026315 | Elapsed Time: 24.26s
2023-07-30 22:46:49 INFO     Epoch 18/30 | Processed 11840/13171 sequences (89.89%) | Training Loss: 0.026679 | Elapsed Time: 24.94s
2023-07-30 22:46:50 INFO     Epoch 18/30 | Processed 12160/13171 sequences (92.32%) | Training Loss: 0.028570 | Elapsed Time: 25.61s
2023-07-30 22:46:51 INFO     Epoch 18/30 | Processed 12480/13171 sequences (94.75%) | Training Loss: 0.028610 | Elapsed Time: 26.28s
2023-07-30 22:46:51 INFO     Epoch 18/30 | Processed 12800/13171 sequences (97.18%) | Training Loss: 0.028069 | Elapsed Time: 26.96s
2023-07-30 22:46:52 INFO     Epoch 18/30 | Processed 13120/13171 sequences (99.61%) | Training Loss: 0.028179 | Elapsed Time: 27.63s
